1
                 Chemistry at HARvard Macromolecular Mechanics
           (CHARMM) - Developmental Version 48b1     August 15, 2023            
                                   74ee488c7                                    
       Copyright(c) 1984-2023  President and Fellows of Harvard College
                              All Rights Reserved
  Current operating system: Linux-4.4.0-19041-Microsoft(x86_64)@C-A0042747.st   
                 Created on  3/5/24 at 17:19:15 by user: thomas      

            Maximum number of ATOMS:    360720, and RESidues:      120240
 RDTITL> * READS THE DCA RESIDUE FROM THE STREAM TOPOLOGY FILE AND WRITES A PDB CONSISTING
 RDTITL> * OF A SINGLE DCA MOLECULE
 RDTITL> *
  
 CHARMM>     
  
 CHARMM>    !topology and parameter files
 CHARMM>     
  
 CHARMM>    stream toppar_custom.str
 VOPEN> Attempting to open::toppar_custom.str::
 OPNLGU> Unit 99 opened for READONLY access to toppar_custom.str

                    INPUT STREAM SWITCHING TO UNIT    99
 RDTITL> * GENERATED BY CHARMM-GUI (HTTP://WWW.CHARMM-GUI.ORG) V3.7 ON FEB, 04. 2024. JOBID=0710632097
 RDTITL> * STREAM FILE FOR TOPOLOGY AND PARAMETER READING
 RDTITL> *
 Parameter: IN1 <- "" <empty>
  
 CHARMM>     
  
 CHARMM>    ! lipids
 CHARMM>    open read card unit 10 name toppar/top_tom_lipid.rtf
 VOPEN> Attempting to open::toppar/top_tom_lipid.rtf::
 OPNLGU> Unit 10 opened for READONLY access to toppar/top_tom_lipid.rtf
  
 CHARMM>    read  rtf card unit 10 flex
 MAINIO> Residue topology file being read from unit  10.
 TITLE> *  \\\\\\\ CHARMM36 ALL-HYDROGEN LIPID TOPOLOGY FILE ///////
 TITLE> *  ALL COMMENTS AND QUESTIONS SHOULD BE SUBMITTED TO THE
 TITLE> *  PARAMETER FORUM AT THE CHARMM WEBSITE: WWW.CHARMM.ORG
 TITLE> *
  
 CHARMM>     
  
 CHARMM>    open read card unit 20 name toppar/par_all36_lipid.prm
 VOPEN> Attempting to open::toppar/par_all36_lipid.prm::
 OPNLGU> Unit 20 opened for READONLY access to toppar/par_all36_lipid.prm
  
 CHARMM>    read para card unit 20 flex

          PARAMETER FILE BEING READ FROM UNIT 20
 TITLE> *  \\\\\\\ CHARMM36 ALL-HYDROGEN LIPID PARAMETER FILE ///////
 TITLE> *  ALL COMMENTS AND QUESTIONS SHOULD BE SUBMITTED TO THE
 TITLE> *  PARAMETER FORUM AT THE CHARMM WEBSITE: WWW.CHARMM.ORG
 TITLE> *
 PARMIO> NONBOND, HBOND lists and IMAGE atoms cleared.
  
 CHARMM>     
  
 CHARMM>    !CUSTOM TOPOLOGY THOMAS CROW 2023 includes DCA and DCN
 CHARMM>    stream top_deca.str
 VOPEN> Attempting to open::top_deca.str::
 OPNLGU> Unit 98 opened for READONLY access to top_deca.str

                    INPUT STREAM SWITCHING TO UNIT    98
 RDTITL> * TOPOLOGY FILE FOR DECANOIC ACID AND DECANOATE
 RDTITL> * STREAM FOLLOWING READING OF
 RDTITL> * TOP_ALL36_LIPID.RTF
 RDTITL> * AND
 RDTITL> * PAR_ALL36_LIPID.RTF
 RDTITL> *
 Parameter: IN1 <- "" <empty>
  
 CHARMM>     
  
 CHARMM>    !Based on fatty acids LAU and LAUP added Jan 2016
 CHARMM>     
  
 CHARMM>    read rtf card append
 MAINIO> Residue topology file being read from unit  98.
 RDTITL> * DECANOIC ACID AND DECANOATE
 RDTITL> *
  
 CHARMM>     
  
 VCLOSE: Closing unit   98 with status "KEEP"

                    RETURNING TO INPUT STREAM    99
  
 CHARMM>     
  
 VCLOSE: Closing unit   99 with status "KEEP"

                    RETURNING TO INPUT STREAM     5
  
 CHARMM>     
  
 CHARMM>    read sequence DECA 1
  
 CHARMM>    generate DECA
 NO PATCHING WILL BE DONE ON THE FIRST RESIDUE
 NO PATCHING WILL BE DONE ON THE LAST  RESIDUE
 AUTGEN: Autogenerating specified angles and dihedrals.
 GENPSF> Segment   1 has been generated. Its identifier is DECA.
 PSFSUM> PSF modified: NONBOND lists and IMAGE atoms cleared.
 PSFSUM> Summary of the structure file counters :
         Number of segments      =        1   Number of residues   =        1
         Number of atoms         =       32   Number of groups     =        9
         Number of bonds         =       31   Number of angles     =       58
         Number of dihedrals     =       80   Number of impropers  =        1
         Number of cross-terms   =        0   Number of autogens   =        0
         Number of HB acceptors  =        0   Number of HB donors  =        0
         Number of NB exclusions =        0   Total charge =   -0.00000
  
 CHARMM>     
  
 CHARMM>     
  
 CHARMM>    ic generate

               Generation complete. New IC table entries:

   N     I       J       K       L   R(I(J/K)) T(I(JK/KJ)) PHI   T(JKL)   R(KL)

    1   1 H1    1 O1    1 C1    1 C2     0.0000    0.00  180.00    0.00   0.0000
    2   1 C2    1 O1    1 *C1   1 O2     0.0000    0.00  180.00    0.00   0.0000
    3   1 O1    1 C1    1 C2    1 C3     0.0000    0.00  180.00    0.00   0.0000
    4   1 C3    1 C1    1 *C2   1 H2R    0.0000    0.00  120.00    0.00   0.0000
    5   1 H2R   1 C1    1 *C2   1 H2S    0.0000    0.00 -120.00    0.00   0.0000
    6   1 C1    1 C2    1 C3    1 C4     0.0000    0.00  180.00    0.00   0.0000
    7   1 C4    1 C2    1 *C3   1 H3R    0.0000    0.00  120.00    0.00   0.0000
    8   1 H3R   1 C2    1 *C3   1 H3S    0.0000    0.00 -120.00    0.00   0.0000
    9   1 C2    1 C3    1 C4    1 C5     0.0000    0.00  180.00    0.00   0.0000
   10   1 C5    1 C3    1 *C4   1 H4R    0.0000    0.00  120.00    0.00   0.0000
   11   1 H4R   1 C3    1 *C4   1 H4S    0.0000    0.00 -120.00    0.00   0.0000
   12   1 C3    1 C4    1 C5    1 C6     0.0000    0.00  180.00    0.00   0.0000
   13   1 C6    1 C4    1 *C5   1 H5R    0.0000    0.00  120.00    0.00   0.0000
   14   1 H5R   1 C4    1 *C5   1 H5S    0.0000    0.00 -120.00    0.00   0.0000
   15   1 C4    1 C5    1 C6    1 C7     0.0000    0.00  180.00    0.00   0.0000
   16   1 C7    1 C5    1 *C6   1 H6R    0.0000    0.00  120.00    0.00   0.0000
   17   1 H6R   1 C5    1 *C6   1 H6S    0.0000    0.00 -120.00    0.00   0.0000
   18   1 C5    1 C6    1 C7    1 C8     0.0000    0.00  180.00    0.00   0.0000
   19   1 C8    1 C6    1 *C7   1 H7R    0.0000    0.00  120.00    0.00   0.0000
   20   1 H7R   1 C6    1 *C7   1 H7S    0.0000    0.00 -120.00    0.00   0.0000
   21   1 C6    1 C7    1 C8    1 C9     0.0000    0.00  180.00    0.00   0.0000
   22   1 C9    1 C7    1 *C8   1 H8R    0.0000    0.00  120.00    0.00   0.0000
   23   1 H8R   1 C7    1 *C8   1 H8S    0.0000    0.00 -120.00    0.00   0.0000
   24   1 C7    1 C8    1 C9    1 C10    0.0000    0.00  180.00    0.00   0.0000
   25   1 C10   1 C8    1 *C9   1 H9R    0.0000    0.00  120.00    0.00   0.0000
   26   1 H9R   1 C8    1 *C9   1 H9S    0.0000    0.00 -120.00    0.00   0.0000
   27   1 C8    1 C9    1 C10   1 H10R   0.0000    0.00  180.00    0.00   0.0000
   28   1 H10R  1 C9    1 *C10  1 H10S   0.0000    0.00  120.00    0.00   0.0000
   29   1 H10R  1 C9    1 *C10  1 H10T   0.0000    0.00 -120.00    0.00   0.0000
  
 CHARMM>    ic param
  
 CHARMM>    ic seed 1 C1 1 C2 1 C3 !needs three atoms to generate box
  
 CHARMM>    ic build
  
 CHARMM>    coor init selec hydrogen end
 SELRPN>     20 atoms have been selected out of     32
 SELECTED COORDINATES INITIALIZED IN THE MAIN SET.

  
 CHARMM>    hbuild sele hydrogen end
 SELRPN>     20 atoms have been selected out of     32
 PRNHBD: CUToff Hydrogen Bond  distance =    0.5000   Angle =   90.0000
         CuT switching ON HB dist. =     3.5000  OFf HB dist. =    4.0000
         CuT switching ON Hb Angle =    50.0000  OFf Hb Angle =   70.0000
         ACCEptor antecedents included
         All hydrogen bonds for each hydrogen will be found
         Hydrogen bonds between excluded atoms will be kept


 NONBOND OPTION FLAGS: 
     ELEC     VDW      ATOMs    CDIElec  FSHIft   VATOm    VFSWIt  
     BYGRoup  NOEXtnd  NOEWald 
 CUTNB  = 14.000 CTEXNB =999.000 CTONNB = 10.000 CTOFNB = 12.000
 CGONNB =  0.000 CGOFNB = 10.000
 WMIN   =  1.500 WRNMXD =  0.500 E14FAC =  1.000 EPS    =  1.000
 NBXMOD =      5
 There are        0 atom  pairs and        0 atom  exclusions.
 There are        0 group pairs and        0 group exclusions.
 <MAKINB> with mode   5 found     89 exclusions and     80 interactions(1-4)
 <MAKGRP> found     21 group exclusions.

 CUToff Hydrogen Bond  distance =    0.5000           Angle =   90.0000
 CuT switching ON HB dist. =     3.5000 OFf HB dist. =    4.0000
 CuT switching ON Hb Angle =    50.0000 OFf Hb Angle =   70.0000
 ACCEptor antecedents included
 dihedral PHI STePs for spin =   10.0000
 cutoff for water acceptor search CUTWat=    7.5000

 Place: H2R ,H2S ,    , constructed for donor DECA 1    DECA C2  .
 Place: H3R ,H3S ,    , constructed for donor DECA 1    DECA C3  .
 Place: H4R ,H4S ,    , constructed for donor DECA 1    DECA C4  .
 Place: H5R ,H5S ,    , constructed for donor DECA 1    DECA C5  .
 Place: H6R ,H6S ,    , constructed for donor DECA 1    DECA C6  .
 Place: H7R ,H7S ,    , constructed for donor DECA 1    DECA C7  .
 Place: H8R ,H8S ,    , constructed for donor DECA 1    DECA C8  .
 Place: H9R ,H9S ,    , constructed for donor DECA 1    DECA C9  .

 NBONDX:        26 atom and      0 group interactions within 14.00 A.
 Spin: H1  ,    ,    , constructed for donor DECA 1    DECA O1  .

 NBONDX:        81 atom and      0 group interactions within 14.00 A.
 Spin: H10S,H10R,H10T, constructed for donor DECA 1    DECA C10 .
  
 CHARMM>     
  
 CHARMM>    open write card unit 10 name ./lipid_lib/deca.psf
 OPNLGU> Unit already open. The old file will be closed first.
 VCLOSE: Closing unit   10 with status "KEEP"
 VOPEN> Attempting to open::./lipid_lib/deca.psf::
 OPNLGU> Unit 10 opened for WRITE access to ./lipid_lib/deca.psf
  
 CHARMM>    write psf unit 10
 RDTITL> CLOSE UNIT 10
 RDTITL> No title read.
 VCLOSE: Closing unit   10 with status "KEEP"
  
 CHARMM>    close unit 10
 CLOLGU>  *****  WARNING  ***** Attempt to close unit that was not open.
  
 CHARMM>     
  
 CHARMM>    open write card unit 20 name ./lipid_lib/deca.crd
 OPNLGU> Unit already open. The old file will be closed first.
 VCLOSE: Closing unit   20 with status "KEEP"
 VOPEN> Attempting to open::./lipid_lib/deca.crd::
 OPNLGU> Unit 20 opened for WRITE access to ./lipid_lib/deca.crd
  
 CHARMM>    write coor card unit 20
 RDTITL> CLOSE UNIT 20
 RDTITL> No title read.
 VCLOSE: Closing unit   20 with status "KEEP"
  
 CHARMM>    close unit 20
 CLOLGU>  *****  WARNING  ***** Attempt to close unit that was not open.
  
 CHARMM>     
  
 CHARMM>    open write card unit 20 name ./lipid_lib/deca.pdb
 VOPEN> Attempting to open::./lipid_lib/deca.pdb::
 OPNLGU> Unit 20 opened for WRITE access to ./lipid_lib/deca.pdb
  
 CHARMM>    write coor pdb unit 20
 RDTITL> CLOSE UNIT 20
 RDTITL> No title read.
  Write CHARMM-pdb format
  
 CHARMM>    close unit 20
 VCLOSE: Closing unit   20 with status "KEEP"
  
$$$$$$  New timer profile $$$$$
 Total time                      0.11 Other:            0.00

                    NORMAL TERMINATION BY END OF FILE
                    NO WARNINGS WERE ISSUED

                    $$$$$ JOB ACCOUNTING INFORMATION $$$$$
                     ELAPSED TIME:     0.11  SECONDS 
                         CPU TIME:     0.11  SECONDS 
