
          -------------------------------------------------------
          Amber 22 SANDER                              2022
          -------------------------------------------------------

| Run on 12/06/2023 at 13:25:42

|   Executable path: sander
| Working directory: /home/thomas/protocell-model/amber-dopc/scratch/minimized
|          Hostname: Unknown

File Assignments:
|  MDIN: 1min.in                                                               
| MDOUT: 1-1min.out                                                            
|INPCRD: dopc128x1_42w_lipid21.inpcrd                                          
|  PARM: dopc128x1_42w_lipid21.prmtop                                          
|RESTRT: restrt                                                                
|  REFC: dopc-ref.inpcrd                                                       
| MDVEL: mdvel                                                                 
| MDFRC: mdfrc                                                                 
|  MDEN: mden                                                                  
| MDCRD: mdcrd                                                                 
|MDINFO: mdinfo                                                                
|  MTMD: mtmd                                                                  
|INPDIP: inpdip                                                                
|RSTDIP: rstdip                                                                
|INPTRA: inptraj                                                               


 Here is the input file:

minimization of solvent                                                        
 &cntrl                                                                        
  imin = 1, maxcyc = 1000,                                                     
  ncyc = 20, ntx = 1,                                                          
  ntwe = 0, ntwr = 500, ntpr = 50,                                             
  ntc = 1, ntf = 2, ntb = 1, ntp = 0,                                          
  cut = 10.0,                                                                  
  ntr=1, restraintmask = ':1-81',                                              
  restraint_wt = 100.,                                                         
  ioutfm=1, ntxo=2,                                                            
 /                                                                             

--------------------------------------------------------------------------------
   1.  RESOURCE   USE: 
--------------------------------------------------------------------------------

| Flags:                                                                        
 getting new box info from bottom of inpcrd
|  INFO: Old style inpcrd file read

| peek_ewald_inpcrd: Box info found
|Largest sphere to fit in unit cell has radius =    34.467
| New format PARM file being parsed.
| Version =    1.000 Date = 12/04/23 Time = 12:03:56
 NATOM  =   26292 NTYPES =      12 NBONH =   19380 MBONA  =    6784
 NTHETH =   25728 MTHETA =    7808 NPHIH =   44032 MPHIA  =   27008
 NHPARM =       0 NPARM  =       0 NNB   =  109552 NRES   =    3260
 NBONA  =    6784 NTHETA =    7808 NPHIA =   27008 NUMBND =      18
 NUMANG =      30 NPTRA  =      48 NATYP =      16 NPHB   =       0
 IFBOX  =       1 NMXRS  =      50 IFCAP =       0 NEXTRA =       0
 NCOPY  =       0


|     Memory Use     Allocated
|     Real             2991929
|     Hollerith          82138
|     Integer          4098213
|     Max Pairs       15144192
|     nblistReal        315504
|     nblist Int       1550700
|       Total           107383 kbytes

| Note: 1-4 EEL scale factors are being read from the topology file.

| Note: 1-4 VDW scale factors are being read from the topology file.
| Duplicated    0 dihedrals
| Duplicated    0 dihedrals

     BOX TYPE: RECTILINEAR

--------------------------------------------------------------------------------
   2.  CONTROL  DATA  FOR  THE  RUN
--------------------------------------------------------------------------------

default_name                                                                    

General flags:
     imin    =       1, nmropt  =       0

Nature and format of input:
     ntx     =       1, irest   =       0, ntrx    =       1

Nature and format of output:
     ntxo    =       2, ntpr    =      50, ntrx    =       1, ntwr    =     500
     iwrap   =       0, ntwx    =       0, ntwv    =       0, ntwe    =       0
     ioutfm  =       1, ntwprt  =       0, idecomp =       0, rbornstat=      0

Potential function:
     ntf     =       2, ntb     =       1, igb     =       0, nsnb    =      25
     ipol    =       0, gbsa    =       0, iesp    =       0
     dielc   =   1.00000, cut     =  10.00000, intdiel =   1.00000

Frozen or restrained atoms:
     ibelly  =       0, ntr     =       1
     restraint_wt = 100.00000

Energy minimization:
     maxcyc  =    1000, ncyc    =      20, ntmin   =       1
     dx0     =   0.01000, drms    =   0.00010

Ewald parameters:
     verbose =       0, ew_type =       0, nbflag  =       1, use_pme =       1
     vdwmeth =       1, eedmeth =       1, netfrc  =       0
     Box X =   68.934   Box Y =   69.006   Box Z =   98.030
     Alpha =   90.000   Beta  =   90.000   Gamma =   90.000
     NFFT1 =   72       NFFT2 =   72       NFFT3 =  100
     Cutoff=   10.000   Tol   =0.100E-04
     Ewald Coefficient =  0.27511
     Interpolation order =    4

    LOADING THE CONSTRAINED ATOMS AS GROUPS


   5.  REFERENCE ATOM COORDINATES

  defa
     Mask :1-81; matches  3726 atoms

--------------------------------------------------------------------------------
   3.  ATOMIC COORDINATES AND VELOCITIES
--------------------------------------------------------------------------------

default_name                                                                    
 begin time read from input coords =     0.000 ps

 Number of triangulated 3-point waters found:     2876

     Sum of charges from parm topology file =   0.00000144
     Forcing neutrality...

--------------------------------------------------------------------------------
   4.  RESULTS
--------------------------------------------------------------------------------

 ---------------------------------------------------
 APPROXIMATING switch and d/dx switch using CUBIC SPLINE INTERPOLATION
 using   5000.0 points per unit in tabled values
 TESTING RELATIVE ERROR over r ranging from 0.0 to cutoff
| CHECK switch(x): max rel err =   0.2738E-14   at   2.422500
| CHECK d/dx switch(x): max rel err =   0.8314E-11   at   2.736960
 ---------------------------------------------------
| Local SIZE OF NONBOND LIST =    6516785
| TOTAL SIZE OF NONBOND LIST =    6516785


   NSTEP       ENERGY          RMS            GMAX         NAME    NUMBER
      1       2.5192E+09     3.1164E+08     5.0283E+10     H16S    11033

 BOND    =     2271.1137  ANGLE   =    10541.1855  DIHED      =     7120.5109
 VDWAALS = *************  EEL     =   -16833.7072  HBOND      =        0.0000
 1-4 VDW =     2027.5266  1-4 EEL =   -16859.6515  RESTRAINT  =        0.0000


   NSTEP       ENERGY          RMS            GMAX         NAME    NUMBER
     50      -3.5353E+04     5.9034E+02     9.1465E+04     H1      21842

 BOND    =      556.8377  ANGLE   =     4539.1808  DIHED      =     6816.4553
 VDWAALS =    -5379.6933  EEL     =   -27789.3435  HBOND      =        0.0000
 1-4 VDW =     1907.8075  1-4 EEL =   -17084.8764  RESTRAINT  =     1080.8882
 EAMBER  =   -36433.6321
