# Log started on 12/04/2023 [mm/dd/yyyy] at 13:51:07
hmassreparition dopc128x1_42w_lipid21.prmtop
hmassrepartition
hmassrepartition dopc128x1_42w_lipid21.prmtop
hmassrepartition dopc128x1_42w_lipid21.prmtop
load dopc128x1_42w_lipid21.prmtop
-p
quit
# Log started on 12/04/2023 [mm/dd/yyyy] at 14:15:51
# Command line arguments: -n -p dopc128x1_42w_lipid21.prmtop -c dopc128x1_42w_lipid21.inpcrd -O --prompt hmassrepartition
# Loaded topologies: dopc128x1_42w_lipid21.prmtop
# Log started on 12/04/2023 [mm/dd/yyyy] at 14:19:55
# Command line arguments: -n -p dopc128x1_42w_lipid21.prmtop -c dopc128x1_42w_lipid21.inpcrd -O --prompt hmassrepartition
# Loaded topologies: dopc128x1_42w_lipid21.prmtop
dopc128x1_42w_lipid21.prmtop
quit
# Log started on 12/04/2023 [mm/dd/yyyy] at 14:49:13
ls
*inpcrd
ls
-i *inp*
-i *inpcrd
--input
-h
help
input
HMassRepartition
load
quit
# Log started on 12/04/2023 [mm/dd/yyyy] at 14:59:14
# Command line arguments: -n -p dopc128x1_42w_lipid21.prmtop -c dopc128x1_42w_lipid21.inpcrd -O --prompt hmassrepartition
# Loaded topologies: dopc128x1_42w_lipid21.prmtophmass
dowater
do water
-dowater
DOWATER
help
help HMassRepartition
[dowater]
parmwrite out hmass
help hmassrepartition
3
gro.in
:q
quit
# Log started on 12/04/2023 [mm/dd/yyyy] at 15:09:10
-i
i
input
help
HMassRepartition
listParms
lmod
parm
parm dopc128x1_42w_lipid21.prmtop
ls
hmassrepartition
dowater
hmassrepartition dowater
outparm dopc_repart.prmtop
quit
# Log started on 12/04/2023 [mm/dd/yyyy] at 15:59:53
help
help minimize
minimize
ls
help
lmod dopc_repart.prmtop 
load
quit
# Log started on 12/04/2023 [mm/dd/yyyy] at 16:03:23
# Command line arguments: dopc_repart.prmtop
# Loaded topologies: dopc_repart.prmtopls
minimize
ls
help
loadCoordinates *dopc128x1_42w_lipid21.inpcrd 
loadCoordinates dopc128x1_42w_lipid21.inpcrd 
minimize maxcyc 200
ls
ls
ls
# Log started on 12/04/2023 [mm/dd/yyyy] at 16:41:38
ls
help
quit
# Log started on 12/04/2023 [mm/dd/yyyy] at 16:49:30
# Command line arguments: -n -p dopc_repart.prmtop -c dopc128x1_42w_lipid21.inpcrd
# Loaded topologies: dopc_repart.prmtop


quit
