
14571314 07-16-300kcl-c12-100ade
14571315 07-16-300kcl-c12-100ade
14571316 07-16-300kcl-c12-100ade
14571318 07-16-300kcl-c12-100ade
14571319 07-16-300kcl-c12-100ade
14571320 07-16-300kcl-c12-100ade
14572997 07-16-300kcl-c12-100ade
14572998 07-16-300kcl-c12-100ade
14572999 07-16-300kcl-c12-100ade
14573000 07-16-300kcl-c12-100ade
14573001 07-16-300kcl-c12-100ade
14573002 07-16-300kcl-c12-100ade
14573005 07-16-300kcl-c12-100ade
14573006 07-16-300kcl-c12-100ade
14573007 07-16-300kcl-c12-100ade
14573008 07-16-300kcl-c12-100ade
14573009 07-16-300kcl-c12-100ade
14573010 07-16-300kcl-c12-100ade
14682024 07-16-300kcl-c12-100ade
14682025 07-16-300kcl-c12-100ade
14682026 07-16-300kcl-c12-100ade
14682027 07-16-300kcl-c12-100ade
14682028 07-16-300kcl-c12-100ade
14682029 07-16-300kcl-c12-100ade
14782389 07-16-300kcl-c12-100ade
14782390 07-16-300kcl-c12-100ade
14940721 07-16-300kcl-c12-100ade
14940738 07-16-300kcl-c12-100ade
14940739 07-16-300kcl-c12-100ade
14940740 07-16-300kcl-c12-100ade
14940741 07-16-300kcl-c12-100ade
15027369 07-16-300kcl-c12-100ade
15027370 07-16-300kcl-c12-100ade
15027371 07-16-300kcl-c12-100ade
15027372 07-16-300kcl-c12-100ade
15064755 07-16-300kcl-c12-100ade
15064756 07-16-300kcl-c12-100ade
15064757 07-16-300kcl-c12-100ade
15064758 07-16-300kcl-c12-100ade
15064759 07-16-300kcl-c12-100ade
15245530 07-16-300kcl-c12-100ade
15464483 07-16-300kcl-c12-100ade
15464485 07-16-300kcl-c12-100ade
15464486 07-16-300kcl-c12-100ade
15464487 07-16-300kcl-c12-100ade
15464488 07-16-300kcl-c12-100ade
15601541 07-16-300kcl-c12-100ade
15601543 07-16-300kcl-c12-100ade
15601544 07-16-300kcl-c12-100ade
15601545 07-16-300kcl-c12-100ade
15601547 07-16-300kcl-c12-100ade
15601549 07-16-300kcl-c12-100ade
15601550 07-16-300kcl-c12-100ade
15601551 07-16-300kcl-c12-100ade
14570347 07-30-0kcl-c12-100ade
14570348 07-30-0kcl-c12-100ade
14570349 07-30-0kcl-c12-100ade
14570350 07-30-0kcl-c12-100ade
14570351 07-30-0kcl-c12-100ade
14602820 07-30-0kcl-c12-100ade
14602821 07-30-0kcl-c12-100ade
14602822 07-30-0kcl-c12-100ade
14602823 07-30-0kcl-c12-100ade
14602824 07-30-0kcl-c12-100ade
14782458 07-30-0kcl-c12-100ade
14782459 07-30-0kcl-c12-100ade
14940744 07-30-0kcl-c12-100ade
14940745 07-30-0kcl-c12-100ade
14940746 07-30-0kcl-c12-100ade
14940747 07-30-0kcl-c12-100ade
15027386 07-30-0kcl-c12-100ade
15027387 07-30-0kcl-c12-100ade
15027388 07-30-0kcl-c12-100ade
15027389 07-30-0kcl-c12-100ade
15052012 07-30-0kcl-c12-100ade
15052013 07-30-0kcl-c12-100ade
15052014 07-30-0kcl-c12-100ade
15052015 07-30-0kcl-c12-100ade
15052016 07-30-0kcl-c12-100ade
15052017 07-30-0kcl-c12-100ade
15052018 07-30-0kcl-c12-100ade
15052019 07-30-0kcl-c12-100ade
15052020 07-30-0kcl-c12-100ade
15052021 07-30-0kcl-c12-100ade
15052022 07-30-0kcl-c12-100ade
15052023 07-30-0kcl-c12-100ade
15052024 07-30-0kcl-c12-100ade
15052025 07-30-0kcl-c12-100ade
15052026 07-30-0kcl-c12-100ade
15465834 07-30-0kcl-c12-100ade
15465836 07-30-0kcl-c12-100ade
15465838 07-30-0kcl-c12-100ade
15465840 07-30-0kcl-c12-100ade
15465844 07-30-0kcl-c12-100ade
15602802 07-30-0kcl-c12-100ade
15604423 07-30-0kcl-c12-100ade
15604424 07-30-0kcl-c12-100ade
15604425 07-30-0kcl-c12-100ade
15604426 07-30-0kcl-c12-100ade
15604427 07-30-0kcl-c12-100ade
15604428 07-30-0kcl-c12-100ade
15604429 07-30-0kcl-c12-100ade
15604430 07-30-0kcl-c12-100ade
15914056 07-30-0kcl-c12-100ade
15914057 07-30-0kcl-c12-100ade
15914058 07-30-0kcl-c12-100ade
14611722 08-13-100kcl-c10-100ade
14614669 08-13-100kcl-c10-100ade
14614670 08-13-100kcl-c10-100ade
14614671 08-13-100kcl-c10-100ade
14682051 08-13-100kcl-c10-100ade
14682052 08-13-100kcl-c10-100ade
14682053 08-13-100kcl-c10-100ade
14682054 08-13-100kcl-c10-100ade
14682055 08-13-100kcl-c10-100ade
14940837 08-13-100kcl-c10-100ade
14940859 08-13-100kcl-c10-100ade
14940877 08-13-100kcl-c10-100ade
14940900 08-13-100kcl-c10-100ade
14940901 08-13-100kcl-c10-100ade
14940902 08-13-100kcl-c10-100ade
14940903 08-13-100kcl-c10-100ade
14940904 08-13-100kcl-c10-100ade
15064944 08-13-100kcl-c10-100ade
15064945 08-13-100kcl-c10-100ade
15064946 08-13-100kcl-c10-100ade
15064947 08-13-100kcl-c10-100ade
15064948 08-13-100kcl-c10-100ade
15065956 08-13-100kcl-c10-100ade
15065957 08-13-100kcl-c10-100ade
15065958 08-13-100kcl-c10-100ade
15065959 08-13-100kcl-c10-100ade
15065960 08-13-100kcl-c10-100ade
15065961 08-13-100kcl-c10-100ade
15467438 08-13-100kcl-c10-100ade
15467439 08-13-100kcl-c10-100ade
15467440 08-13-100kcl-c10-100ade
15467441 08-13-100kcl-c10-100ade
15467442 08-13-100kcl-c10-100ade
15467443 08-13-100kcl-c10-100ade
15467448 08-13-100kcl-c10-100ade
15467449 08-13-100kcl-c10-100ade
15467450 08-13-100kcl-c10-100ade
15467451 08-13-100kcl-c10-100ade
15467452 08-13-100kcl-c10-100ade
15467453 08-13-100kcl-c10-100ade
15603094 08-13-100kcl-c10-100ade
15603095 08-13-100kcl-c10-100ade
15603096 08-13-100kcl-c10-100ade
15603097 08-13-100kcl-c10-100ade
15603098 08-13-100kcl-c10-100ade
15603099 08-13-100kcl-c10-100ade
15603100 08-13-100kcl-c10-100ade
15603101 08-13-100kcl-c10-100ade
15914219 08-13-100kcl-c10-100ade
15914220 08-13-100kcl-c10-100ade
15914221 08-13-100kcl-c10-100ade
14576494 08-15-100kcl-c12-100ade
14576495 08-15-100kcl-c12-100ade
14602700 08-15-100kcl-c12-100ade
14602701 08-15-100kcl-c12-100ade
14602702 08-15-100kcl-c12-100ade
14682080 08-15-100kcl-c12-100ade
14682081 08-15-100kcl-c12-100ade
14682082 08-15-100kcl-c12-100ade
14682083 08-15-100kcl-c12-100ade
14682084 08-15-100kcl-c12-100ade
14782522 08-15-100kcl-c12-100ade
14782523 08-15-100kcl-c12-100ade
14940844 08-15-100kcl-c12-100ade
14940845 08-15-100kcl-c12-100ade
14940846 08-15-100kcl-c12-100ade
14940847 08-15-100kcl-c12-100ade
15027407 08-15-100kcl-c12-100ade
15027408 08-15-100kcl-c12-100ade
15027409 08-15-100kcl-c12-100ade
15027410 08-15-100kcl-c12-100ade
15065008 08-15-100kcl-c12-100ade
15065009 08-15-100kcl-c12-100ade
15065010 08-15-100kcl-c12-100ade
15065011 08-15-100kcl-c12-100ade
15065012 08-15-100kcl-c12-100ade
15065013 08-15-100kcl-c12-100ade
15468203 08-15-100kcl-c12-100ade
15468204 08-15-100kcl-c12-100ade
15468205 08-15-100kcl-c12-100ade
15468206 08-15-100kcl-c12-100ade
15468207 08-15-100kcl-c12-100ade
15468208 08-15-100kcl-c12-100ade
15468209 08-15-100kcl-c12-100ade
15468210 08-15-100kcl-c12-100ade
15914307 08-15-100kcl-c12-100ade
15914308 08-15-100kcl-c12-100ade
15914309 08-15-100kcl-c12-100ade
14612752 08-16-0kcl-c10-100ade
14614691 08-16-0kcl-c10-100ade
14614692 08-16-0kcl-c10-100ade
14614693 08-16-0kcl-c10-100ade
14682108 08-16-0kcl-c10-100ade
14682109 08-16-0kcl-c10-100ade
14682110 08-16-0kcl-c10-100ade
14682111 08-16-0kcl-c10-100ade
14682112 08-16-0kcl-c10-100ade
14782558 08-16-0kcl-c10-100ade
14782559 08-16-0kcl-c10-100ade
14940865 08-16-0kcl-c10-100ade
14940866 08-16-0kcl-c10-100ade
14940867 08-16-0kcl-c10-100ade
14940868 08-16-0kcl-c10-100ade
15027416 08-16-0kcl-c10-100ade
15027417 08-16-0kcl-c10-100ade
15027418 08-16-0kcl-c10-100ade
15027419 08-16-0kcl-c10-100ade
15065123 08-16-0kcl-c10-100ade
15065124 08-16-0kcl-c10-100ade
15065125 08-16-0kcl-c10-100ade
15065126 08-16-0kcl-c10-100ade
15065127 08-16-0kcl-c10-100ade
15065128 08-16-0kcl-c10-100ade
15065942 08-16-0kcl-c10-100ade
15065943 08-16-0kcl-c10-100ade
15065944 08-16-0kcl-c10-100ade
15065945 08-16-0kcl-c10-100ade
15065946 08-16-0kcl-c10-100ade
15065947 08-16-0kcl-c10-100ade
15468387 08-16-0kcl-c10-100ade
15468388 08-16-0kcl-c10-100ade
15468389 08-16-0kcl-c10-100ade
15468390 08-16-0kcl-c10-100ade
15468391 08-16-0kcl-c10-100ade
15468392 08-16-0kcl-c10-100ade
15468393 08-16-0kcl-c10-100ade
15468394 08-16-0kcl-c10-100ade
15469801 08-16-0kcl-c10-100ade
15469802 08-16-0kcl-c10-100ade
15469803 08-16-0kcl-c10-100ade
15469804 08-16-0kcl-c10-100ade
15469805 08-16-0kcl-c10-100ade
15469806 08-16-0kcl-c10-100ade
15469807 08-16-0kcl-c10-100ade
15469808 08-16-0kcl-c10-100ade
15914514 08-16-0kcl-c10-100ade
15914515 08-16-0kcl-c10-100ade
15914516 08-16-0kcl-c10-100ade
14614636 08-17-100kcl-c10-300ade
14616265 08-17-100kcl-c10-300ade
14616267 08-17-100kcl-c10-300ade
14616268 08-17-100kcl-c10-300ade
14682179 08-17-100kcl-c10-300ade
14682180 08-17-100kcl-c10-300ade
14682181 08-17-100kcl-c10-300ade
14682182 08-17-100kcl-c10-300ade
14682183 08-17-100kcl-c10-300ade
14807143 08-17-100kcl-c10-300ade
14807154 08-17-100kcl-c10-300ade
14807155 08-17-100kcl-c10-300ade
14807156 08-17-100kcl-c10-300ade
14807157 08-17-100kcl-c10-300ade
14807158 08-17-100kcl-c10-300ade
14940911 08-17-100kcl-c10-300ade
14940912 08-17-100kcl-c10-300ade
14940913 08-17-100kcl-c10-300ade
14940914 08-17-100kcl-c10-300ade
15027430 08-17-100kcl-c10-300ade
15027431 08-17-100kcl-c10-300ade
15027432 08-17-100kcl-c10-300ade
15027433 08-17-100kcl-c10-300ade
15027434 08-17-100kcl-c10-300ade
15065967 08-17-100kcl-c10-300ade
15065968 08-17-100kcl-c10-300ade
15065969 08-17-100kcl-c10-300ade
15065970 08-17-100kcl-c10-300ade
15065971 08-17-100kcl-c10-300ade
15065972 08-17-100kcl-c10-300ade
15468627 08-17-100kcl-c10-300ade
15468628 08-17-100kcl-c10-300ade
15468629 08-17-100kcl-c10-300ade
15468630 08-17-100kcl-c10-300ade
15468632 08-17-100kcl-c10-300ade
15469455 08-17-100kcl-c10-300ade
15469456 08-17-100kcl-c10-300ade
15469457 08-17-100kcl-c10-300ade
15469458 08-17-100kcl-c10-300ade
15469459 08-17-100kcl-c10-300ade
15604198 08-17-100kcl-c10-300ade
15604199 08-17-100kcl-c10-300ade
15604200 08-17-100kcl-c10-300ade
15604201 08-17-100kcl-c10-300ade
15604202 08-17-100kcl-c10-300ade
15604203 08-17-100kcl-c10-300ade
15604204 08-17-100kcl-c10-300ade
15604205 08-17-100kcl-c10-300ade
15604222 08-17-100kcl-c10-300ade
15604223 08-17-100kcl-c10-300ade
15604224 08-17-100kcl-c10-300ade
15604225 08-17-100kcl-c10-300ade
15604226 08-17-100kcl-c10-300ade
15604227 08-17-100kcl-c10-300ade
15604228 08-17-100kcl-c10-300ade
15604229 08-17-100kcl-c10-300ade
15914597 08-17-100kcl-c10-300ade
15914598 08-17-100kcl-c10-300ade
15914599 08-17-100kcl-c10-300ade
14780407 08-22-0kcl-c10
14781402 08-22-0kcl-c10
14781403 08-22-0kcl-c10
14806918 08-22-0kcl-c10
14807182 08-22-0kcl-c10
14807183 08-22-0kcl-c10
14807184 08-22-0kcl-c10
14807185 08-22-0kcl-c10
14807186 08-22-0kcl-c10
14940921 08-22-0kcl-c10
14940922 08-22-0kcl-c10
14940923 08-22-0kcl-c10
14940924 08-22-0kcl-c10
15027472 08-22-0kcl-c10
15027473 08-22-0kcl-c10
15027474 08-22-0kcl-c10
15027475 08-22-0kcl-c10
15027476 08-22-0kcl-c10
15027477 08-22-0kcl-c10
15066006 08-22-0kcl-c10
15066007 08-22-0kcl-c10
15066008 08-22-0kcl-c10
15066009 08-22-0kcl-c10
15066010 08-22-0kcl-c10
15066011 08-22-0kcl-c10
15469342 08-22-0kcl-c10
15469345 08-22-0kcl-c10
15469347 08-22-0kcl-c10
15469348 08-22-0kcl-c10
15469349 08-22-0kcl-c10
15469350 08-22-0kcl-c10
15469351 08-22-0kcl-c10
15469352 08-22-0kcl-c10
15469441 08-22-0kcl-c10
15469443 08-22-0kcl-c10
15469444 08-22-0kcl-c10
15469445 08-22-0kcl-c10
15469446 08-22-0kcl-c10
15469448 08-22-0kcl-c10
15469449 08-22-0kcl-c10
15469450 08-22-0kcl-c10
15604856 08-22-0kcl-c10
15604858 08-22-0kcl-c10
15604859 08-22-0kcl-c10
15604860 08-22-0kcl-c10
15604861 08-22-0kcl-c10
15604862 08-22-0kcl-c10
15604863 08-22-0kcl-c10
15604864 08-22-0kcl-c10
15914674 08-22-0kcl-c10
15914675 08-22-0kcl-c10
15914676 08-22-0kcl-c10
14781180 08-23-100kcl-c10
14806863 08-23-100kcl-c10
14878162 08-23-100kcl-c10
14878163 08-23-100kcl-c10
15052086 08-23-100kcl-c10
15052087 08-23-100kcl-c10
15052088 08-23-100kcl-c10
15052089 08-23-100kcl-c10
15472069 08-23-100kcl-c10
15472070 08-23-100kcl-c10
15472071 08-23-100kcl-c10
15472072 08-23-100kcl-c10
15472073 08-23-100kcl-c10
15472074 08-23-100kcl-c10
15472075 08-23-100kcl-c10
15472076 08-23-100kcl-c10
15472077 08-23-100kcl-c10
15472078 08-23-100kcl-c10
15472079 08-23-100kcl-c10
15472080 08-23-100kcl-c10
15472081 08-23-100kcl-c10
15472082 08-23-100kcl-c10
15472083 08-23-100kcl-c10
15472084 08-23-100kcl-c10
15605519 08-23-100kcl-c10
15605520 08-23-100kcl-c10
15605521 08-23-100kcl-c10
15605522 08-23-100kcl-c10
15605523 08-23-100kcl-c10
15605524 08-23-100kcl-c10
15605525 08-23-100kcl-c10
15914729 08-23-100kcl-c10
15914730 08-23-100kcl-c10
15914731 08-23-100kcl-c10
14877996 08-24-100kcl-c10-100ura
14878191 08-24-100kcl-c10-100ura
14918345 08-24-100kcl-c10-100ura
14918346 08-24-100kcl-c10-100ura
14940947 08-24-100kcl-c10-100ura
14940948 08-24-100kcl-c10-100ura
14940949 08-24-100kcl-c10-100ura
14940950 08-24-100kcl-c10-100ura
14940952 08-24-100kcl-c10-100ura
15027506 08-24-100kcl-c10-100ura
15027507 08-24-100kcl-c10-100ura
15027508 08-24-100kcl-c10-100ura
15027509 08-24-100kcl-c10-100ura
15027510 08-24-100kcl-c10-100ura
15066094 08-24-100kcl-c10-100ura
15066095 08-24-100kcl-c10-100ura
15066096 08-24-100kcl-c10-100ura
15066097 08-24-100kcl-c10-100ura
15066098 08-24-100kcl-c10-100ura
15066099 08-24-100kcl-c10-100ura
15472192 08-24-100kcl-c10-100ura
15472193 08-24-100kcl-c10-100ura
15472194 08-24-100kcl-c10-100ura
15472195 08-24-100kcl-c10-100ura
15472196 08-24-100kcl-c10-100ura
15472197 08-24-100kcl-c10-100ura
15472198 08-24-100kcl-c10-100ura
15472199 08-24-100kcl-c10-100ura
15472219 08-24-100kcl-c10-100ura
15472220 08-24-100kcl-c10-100ura
15472221 08-24-100kcl-c10-100ura
15472222 08-24-100kcl-c10-100ura
15472223 08-24-100kcl-c10-100ura
15472224 08-24-100kcl-c10-100ura
15605565 08-24-100kcl-c10-100ura
15605566 08-24-100kcl-c10-100ura
15605567 08-24-100kcl-c10-100ura
15605568 08-24-100kcl-c10-100ura
15605569 08-24-100kcl-c10-100ura
15605570 08-24-100kcl-c10-100ura
15605571 08-24-100kcl-c10-100ura
15914806 08-24-100kcl-c10-100ura
15914807 08-24-100kcl-c10-100ura
15914809 08-24-100kcl-c10-100ura
14941625 08-26-100kcl-c10-100gua
14942488 08-26-100kcl-c10-100gua
14942489 08-26-100kcl-c10-100gua
14942699 08-26-100kcl-c10-100gua
14942732 08-26-100kcl-c10-100gua
14942733 08-26-100kcl-c10-100gua
14956137 08-26-100kcl-c10-100gua
14956138 08-26-100kcl-c10-100gua
14956139 08-26-100kcl-c10-100gua
14956140 08-26-100kcl-c10-100gua
14956141 08-26-100kcl-c10-100gua
15052140 08-26-100kcl-c10-100gua
15052141 08-26-100kcl-c10-100gua
15052142 08-26-100kcl-c10-100gua
15052143 08-26-100kcl-c10-100gua
15052144 08-26-100kcl-c10-100gua
15052145 08-26-100kcl-c10-100gua
15066149 08-26-100kcl-c10-100gua
15066150 08-26-100kcl-c10-100gua
15066151 08-26-100kcl-c10-100gua
15066152 08-26-100kcl-c10-100gua
15066153 08-26-100kcl-c10-100gua
15066154 08-26-100kcl-c10-100gua
15472267 08-26-100kcl-c10-100gua
15472268 08-26-100kcl-c10-100gua
15472269 08-26-100kcl-c10-100gua
15472270 08-26-100kcl-c10-100gua
15472271 08-26-100kcl-c10-100gua
15472272 08-26-100kcl-c10-100gua
15472273 08-26-100kcl-c10-100gua
15472274 08-26-100kcl-c10-100gua
15472295 08-26-100kcl-c10-100gua
15472296 08-26-100kcl-c10-100gua
15472297 08-26-100kcl-c10-100gua
15472298 08-26-100kcl-c10-100gua
15472299 08-26-100kcl-c10-100gua
15472300 08-26-100kcl-c10-100gua
15472301 08-26-100kcl-c10-100gua
15472302 08-26-100kcl-c10-100gua
15914863 08-26-100kcl-c10-100gua
15914864 08-26-100kcl-c10-100gua
15914865 08-26-100kcl-c10-100gua
14941761 08-27-100kcl-c10-100cyt
14943038 08-27-100kcl-c10-100cyt
14943039 08-27-100kcl-c10-100cyt
14956117 08-27-100kcl-c10-100cyt
14956118 08-27-100kcl-c10-100cyt
14956119 08-27-100kcl-c10-100cyt
14956120 08-27-100kcl-c10-100cyt
14956121 08-27-100kcl-c10-100cyt
15052150 08-27-100kcl-c10-100cyt
15052151 08-27-100kcl-c10-100cyt
15052152 08-27-100kcl-c10-100cyt
15052153 08-27-100kcl-c10-100cyt
15052154 08-27-100kcl-c10-100cyt
15052155 08-27-100kcl-c10-100cyt
15066173 08-27-100kcl-c10-100cyt
15066174 08-27-100kcl-c10-100cyt
15066175 08-27-100kcl-c10-100cyt
15066176 08-27-100kcl-c10-100cyt
15066177 08-27-100kcl-c10-100cyt
15066178 08-27-100kcl-c10-100cyt
15472562 08-27-100kcl-c10-100cyt
15472563 08-27-100kcl-c10-100cyt
15472564 08-27-100kcl-c10-100cyt
15472565 08-27-100kcl-c10-100cyt
15472566 08-27-100kcl-c10-100cyt
15472567 08-27-100kcl-c10-100cyt
15472568 08-27-100kcl-c10-100cyt
15472569 08-27-100kcl-c10-100cyt
15472570 08-27-100kcl-c10-100cyt
15472571 08-27-100kcl-c10-100cyt
15472572 08-27-100kcl-c10-100cyt
15472573 08-27-100kcl-c10-100cyt
15472574 08-27-100kcl-c10-100cyt
15472575 08-27-100kcl-c10-100cyt
15472576 08-27-100kcl-c10-100cyt
15472577 08-27-100kcl-c10-100cyt
15914911 08-27-100kcl-c10-100cyt
15914912 08-27-100kcl-c10-100cyt
15914913 08-27-100kcl-c10-100cyt
14942332 08-28-100kcl-c10-100_2am
14945594 08-28-100kcl-c10-100_2am
14945595 08-28-100kcl-c10-100_2am
14956095 08-28-100kcl-c10-100_2am
14956096 08-28-100kcl-c10-100_2am
14956097 08-28-100kcl-c10-100_2am
14956098 08-28-100kcl-c10-100_2am
14956099 08-28-100kcl-c10-100_2am
15052162 08-28-100kcl-c10-100_2am
15052163 08-28-100kcl-c10-100_2am
15052164 08-28-100kcl-c10-100_2am
15052165 08-28-100kcl-c10-100_2am
15052166 08-28-100kcl-c10-100_2am
15052167 08-28-100kcl-c10-100_2am
15066200 08-28-100kcl-c10-100_2am
15066201 08-28-100kcl-c10-100_2am
15066202 08-28-100kcl-c10-100_2am
15066203 08-28-100kcl-c10-100_2am
15066204 08-28-100kcl-c10-100_2am
15066205 08-28-100kcl-c10-100_2am
15472911 08-28-100kcl-c10-100_2am
15472912 08-28-100kcl-c10-100_2am
15472913 08-28-100kcl-c10-100_2am
15472914 08-28-100kcl-c10-100_2am
15472915 08-28-100kcl-c10-100_2am
15472916 08-28-100kcl-c10-100_2am
15472917 08-28-100kcl-c10-100_2am
15472918 08-28-100kcl-c10-100_2am
15472919 08-28-100kcl-c10-100_2am
15472920 08-28-100kcl-c10-100_2am
15472921 08-28-100kcl-c10-100_2am
15472922 08-28-100kcl-c10-100_2am
15472923 08-28-100kcl-c10-100_2am
15472924 08-28-100kcl-c10-100_2am
15472925 08-28-100kcl-c10-100_2am
15472926 08-28-100kcl-c10-100_2am
15914989 08-28-100kcl-c10-100_2am
15914990 08-28-100kcl-c10-100_2am
15914991 08-28-100kcl-c10-100_2am
14942729 08-29-100kcl-c10-100thi
14945597 08-29-100kcl-c10-100thi
14945598 08-29-100kcl-c10-100thi
14956106 08-29-100kcl-c10-100thi
14956107 08-29-100kcl-c10-100thi
14956109 08-29-100kcl-c10-100thi
14956110 08-29-100kcl-c10-100thi
14956111 08-29-100kcl-c10-100thi
15052116 08-29-100kcl-c10-100thi
15052117 08-29-100kcl-c10-100thi
15052118 08-29-100kcl-c10-100thi
15052119 08-29-100kcl-c10-100thi
15052120 08-29-100kcl-c10-100thi
15066236 08-29-100kcl-c10-100thi
15066237 08-29-100kcl-c10-100thi
15066238 08-29-100kcl-c10-100thi
15066239 08-29-100kcl-c10-100thi
15066240 08-29-100kcl-c10-100thi
15066241 08-29-100kcl-c10-100thi
15473071 08-29-100kcl-c10-100thi
15473072 08-29-100kcl-c10-100thi
15473073 08-29-100kcl-c10-100thi
15473074 08-29-100kcl-c10-100thi
15473075 08-29-100kcl-c10-100thi
15473076 08-29-100kcl-c10-100thi
15473077 08-29-100kcl-c10-100thi
15473078 08-29-100kcl-c10-100thi
15473087 08-29-100kcl-c10-100thi
15473089 08-29-100kcl-c10-100thi
15473090 08-29-100kcl-c10-100thi
15473091 08-29-100kcl-c10-100thi
15473092 08-29-100kcl-c10-100thi
15473094 08-29-100kcl-c10-100thi
15473095 08-29-100kcl-c10-100thi
15473097 08-29-100kcl-c10-100thi
15915043 08-29-100kcl-c10-100thi
15915044 08-29-100kcl-c10-100thi
15915045 08-29-100kcl-c10-100thi
