15603101     mdrun.sba+    RUNNING 
15603101.ba+      batch    RUNNING 
15603101.ex+     extern    RUNNING 
15603101.0   08-13-100+    RUNNING 
15914058     mdrun.sba+    RUNNING 
15914058.ba+      batch    RUNNING 
15914058.ex+     extern    RUNNING 
15914058.0   07-30-0kc+    RUNNING 
15914221     mdrun.sba+    RUNNING 
15914221.ba+      batch    RUNNING 
15914221.ex+     extern    RUNNING 
15914221.0   08-13-100+    RUNNING 
15914309     mdrun.sba+    RUNNING 
15914309.ba+      batch    RUNNING 
15914309.ex+     extern    RUNNING 
15914309.0   08-15-100+    RUNNING 
15914516     mdrun.sba+    RUNNING 
15914516.ba+      batch    RUNNING 
15914516.ex+     extern    RUNNING 
15914516.0   08-16-0kc+    RUNNING 
15914599     mdrun.sba+    RUNNING 
15914599.ba+      batch    RUNNING 
15914599.ex+     extern    RUNNING 
15914599.0   08-17-100+    RUNNING 
15914676     mdrun.sba+    RUNNING 
15914676.ba+      batch    RUNNING 
15914676.ex+     extern    RUNNING 
15914676.0   08-22-0kc+    RUNNING 
15914731     mdrun.sba+    RUNNING 
15914731.ba+      batch    RUNNING 
15914731.ex+     extern    RUNNING 
15914731.0   08-23-100+    RUNNING 
15914809     mdrun.sba+    RUNNING 
15914809.ba+      batch    RUNNING 
15914809.ex+     extern    RUNNING 
15914809.0   08-24-100+    RUNNING 
15914865     mdrun.sba+    RUNNING 
15914865.ba+      batch    RUNNING 
15914865.ex+     extern    RUNNING 
15914865.0   08-26-100+    RUNNING 
15914913     mdrun.sba+    RUNNING 
15914913.ba+      batch    RUNNING 
15914913.ex+     extern    RUNNING 
15914913.0   08-27-100+    RUNNING 
15914991     mdrun.sba+    RUNNING 
15914991.ba+      batch    RUNNING 
15914991.ex+     extern    RUNNING 
15914991.0   08-28-100+    RUNNING 
15915045     mdrun.sba+    RUNNING 
15915045.ba+      batch    RUNNING 
15915045.ex+     extern    RUNNING 
15915045.0   08-29-100+    RUNNING 
15915045            mdrun.sbatch        (null)              
15914991            mdrun.sbatch        (null)              
15914865            mdrun.sbatch        (null)              
15914913            mdrun.sbatch        (null)              
15914809            mdrun.sbatch        (null)              
15914599            mdrun.sbatch        (null)              
15914676            mdrun.sbatch        (null)              
15914731            mdrun.sbatch        (null)              
15914516            mdrun.sbatch        (null)              
15914058            mdrun.sbatch        (null)              
15914221            mdrun.sbatch        (null)              
15914309            mdrun.sbatch        (null)              
15603101            mdrun.sbatch        (null)              
15915048            mdrun.sbatch        afterok:15915047(unf
15915047            mdrun.sbatch        afterok:15915046(unf
15915046            mdrun.sbatch        afterok:15915045(unf
15914996            mdrun.sbatch        afterok:15914995(unf
15914995            mdrun.sbatch        afterok:15914993(unf
15914993            mdrun.sbatch        afterok:15914991(unf
15914916            mdrun.sbatch        afterok:15914915(unf
15914915            mdrun.sbatch        afterok:15914914(unf
15914914            mdrun.sbatch        afterok:15914913(unf
15914868            mdrun.sbatch        afterok:15914867(unf
15914867            mdrun.sbatch        afterok:15914866(unf
15914866            mdrun.sbatch        afterok:15914865(unf
15914812            mdrun.sbatch        afterok:15914811(unf
15914811            mdrun.sbatch        afterok:15914810(unf
15914810            mdrun.sbatch        afterok:15914809(unf
15914734            mdrun.sbatch        afterok:15914733(unf
15914733            mdrun.sbatch        afterok:15914732(unf
15914732            mdrun.sbatch        afterok:15914731(unf
15914679            mdrun.sbatch        afterok:15914678(unf
15914678            mdrun.sbatch        afterok:15914677(unf
15914677            mdrun.sbatch        afterok:15914676(unf
15914602            mdrun.sbatch        afterok:15914601(unf
15914601            mdrun.sbatch        afterok:15914600(unf
15914600            mdrun.sbatch        afterok:15914599(unf
15914519            mdrun.sbatch        afterok:15914518(unf
15914518            mdrun.sbatch        afterok:15914517(unf
15914517            mdrun.sbatch        afterok:15914516(unf
15914312            mdrun.sbatch        afterok:15914311(unf
15914311            mdrun.sbatch        afterok:15914310(unf
15914310            mdrun.sbatch        afterok:15914309(unf
15914226            mdrun.sbatch        afterok:15914225(unf
15914225            mdrun.sbatch        afterok:15914224(unf
15914224            mdrun.sbatch        afterok:15914223(unf
15914223            mdrun.sbatch        afterok:15914222(unf
15914222            mdrun.sbatch        afterok:15914221(unf
15914063            mdrun.sbatch        afterok:15914062(unf
15914062            mdrun.sbatch        afterok:15914060(unf
15914060            mdrun.sbatch        afterok:15914059(unf
15914059            mdrun.sbatch        afterok:15914058(unf
