-I: Adding /home/thomas/miniconda3/envs/pawsey-internship/dat/leap/prep to search path.
-I: Adding /home/thomas/miniconda3/envs/pawsey-internship/dat/leap/lib to search path.
-I: Adding /home/thomas/miniconda3/envs/pawsey-internship/dat/leap/parm to search path.
-I: Adding /home/thomas/miniconda3/envs/pawsey-internship/dat/leap/cmd to search path.
-s: Ignoring all leaprc startup files.
-f: Source leap.in.

Welcome to LEaP!
Sourcing: ./leap.in
----- Source: /home/thomas/miniconda3/envs/pawsey-internship/dat/leap/cmd/leaprc.water.tip3p
----- Source of /home/thomas/miniconda3/envs/pawsey-internship/dat/leap/cmd/leaprc.water.tip3p done
Loading library: /home/thomas/miniconda3/envs/pawsey-internship/dat/leap/lib/atomic_ions.lib
Loading library: /home/thomas/miniconda3/envs/pawsey-internship/dat/leap/lib/solvents.lib
Loading parameters: /home/thomas/miniconda3/envs/pawsey-internship/dat/leap/parm/frcmod.tip3p
Reading force field modification type file (frcmod)
Reading title:
This is the additional/replacement parameter set for TIP3P water
Loading parameters: /home/thomas/miniconda3/envs/pawsey-internship/dat/leap/parm/frcmod.ions1lm_126_tip3p
Reading force field modification type file (frcmod)
Reading title:
Li/Merz ion parameters of monovalent ions for TIP3P water model (12-6 normal usage set)
Loading parameters: /home/thomas/miniconda3/envs/pawsey-internship/dat/leap/parm/frcmod.ionsjc_tip3p
Reading force field modification type file (frcmod)
Reading title:
Monovalent ion parameters for Ewald and TIP3P water from Joung & Cheatham JPCB (2008)
Loading parameters: /home/thomas/miniconda3/envs/pawsey-internship/dat/leap/parm/frcmod.ions234lm_126_tip3p
Reading force field modification type file (frcmod)
Reading title:
Li/Merz ion parameters of divalent to tetravalent ions for TIP3P water model (12-6 normal usage set)
----- Source: /home/thomas/miniconda3/envs/pawsey-internship/dat/leap/cmd/leaprc.gaff2
----- Source of /home/thomas/miniconda3/envs/pawsey-internship/dat/leap/cmd/leaprc.gaff2 done
Log file: ./leap.log
Loading parameters: /home/thomas/miniconda3/envs/pawsey-internship/dat/leap/parm/gaff2.dat
Reading title:
AMBER General Force Field for organic molecules (Version 2.2.20, March 2021)
----- Source: /home/thomas/miniconda3/envs/pawsey-internship/dat/leap/cmd/leaprc.lipid21
----- Source of /home/thomas/miniconda3/envs/pawsey-internship/dat/leap/cmd/leaprc.lipid21 done
Log file: ./leap.log
Loading parameters: /home/thomas/miniconda3/envs/pawsey-internship/dat/leap/parm/lipid21.dat
Reading title:
AMBER Lipid21 v1.0 C. J. Dickson, R.C. Walker, I.R. Gould.
Loading library: /home/thomas/miniconda3/envs/pawsey-internship/dat/leap/lib/lipid21.lib
Loading PDB file: ./dopc128x1_42w_lipid17_amb.pdb

/home/thomas/miniconda3/envs/pawsey-internship/bin/teLeap: Warning!
Name change in pdb file residue 1 ;
this residue is split into OL and PC.

/home/thomas/miniconda3/envs/pawsey-internship/bin/teLeap: Warning!
Name change in pdb file residue 1 ;
this residue is split into PC and OL.

/home/thomas/miniconda3/envs/pawsey-internship/bin/teLeap: Warning!
Name change in pdb file residue 2 ;
this residue is split into OL and PC.

/home/thomas/miniconda3/envs/pawsey-internship/bin/teLeap: Warning!
Name change in pdb file residue 2 ;
this residue is split into PC and OL.

/home/thomas/miniconda3/envs/pawsey-internship/bin/teLeap: Warning!
Name change in pdb file residue 3 ;
this residue is split into OL and PC.

/home/thomas/miniconda3/envs/pawsey-internship/bin/teLeap: Warning!
Name change in pdb file residue 3 ;
this residue is split into PC and OL.

/home/thomas/miniconda3/envs/pawsey-internship/bin/teLeap: Warning!
Name change in pdb file residue 4 ;
this residue is split into OL and PC.

/home/thomas/miniconda3/envs/pawsey-internship/bin/teLeap: Warning!
Name change in pdb file residue 4 ;
this residue is split into PC and OL.

/home/thomas/miniconda3/envs/pawsey-internship/bin/teLeap: Warning!
Name change in pdb file residue 5 ;
this residue is split into OL and PC.

/home/thomas/miniconda3/envs/pawsey-internship/bin/teLeap: Warning!
Name change in pdb file residue 5 ;
this residue is split into PC and OL.

/home/thomas/miniconda3/envs/pawsey-internship/bin/teLeap: Warning!
Name change in pdb file residue 6 ;
this residue is split into OL and PC.

/home/thomas/miniconda3/envs/pawsey-internship/bin/teLeap: Warning!
Name change in pdb file residue 6 ;
this residue is split into PC and OL.

/home/thomas/miniconda3/envs/pawsey-internship/bin/teLeap: Warning!
Name change in pdb file residue 7 ;
this residue is split into OL and PC.

/home/thomas/miniconda3/envs/pawsey-internship/bin/teLeap: Warning!
Name change in pdb file residue 7 ;
this residue is split into PC and OL.

/home/thomas/miniconda3/envs/pawsey-internship/bin/teLeap: Warning!
Name change in pdb file residue 8 ;
this residue is split into OL and PC.

/home/thomas/miniconda3/envs/pawsey-internship/bin/teLeap: Warning!
Name change in pdb file residue 8 ;
this residue is split into PC and OL.

/home/thomas/miniconda3/envs/pawsey-internship/bin/teLeap: Warning!
Name change in pdb file residue 9 ;
this residue is split into OL and PC.

/home/thomas/miniconda3/envs/pawsey-internship/bin/teLeap: Warning!
Name change in pdb file residue 9 ;
this residue is split into PC and OL.

/home/thomas/miniconda3/envs/pawsey-internship/bin/teLeap: Warning!
Name change in pdb file residue 10 ;
this residue is split into OL and PC.

/home/thomas/miniconda3/envs/pawsey-internship/bin/teLeap: Warning!
Name change in pdb file residue 10 ;
this residue is split into PC and OL.

/home/thomas/miniconda3/envs/pawsey-internship/bin/teLeap: Warning!
Name change in pdb file residue 11 ;
this residue is split into OL and PC.

/home/thomas/miniconda3/envs/pawsey-internship/bin/teLeap: Warning!
Name change in pdb file residue 11 ;
this residue is split into PC and OL.

/home/thomas/miniconda3/envs/pawsey-internship/bin/teLeap: Warning!
Name change in pdb file residue 12 ;
this residue is split into OL and PC.

/home/thomas/miniconda3/envs/pawsey-internship/bin/teLeap: Warning!
Name change in pdb file residue 12 ;
this residue is split into PC and OL.

/home/thomas/miniconda3/envs/pawsey-internship/bin/teLeap: Warning!
Name change in pdb file residue 13 ;
this residue is split into OL and PC.

/home/thomas/miniconda3/envs/pawsey-internship/bin/teLeap: Warning!
Name change in pdb file residue 13 ;
this residue is split into PC and OL.

/home/thomas/miniconda3/envs/pawsey-internship/bin/teLeap: Warning!
Name change in pdb file residue 14 ;
this residue is split into OL and PC.

/home/thomas/miniconda3/envs/pawsey-internship/bin/teLeap: Warning!
Name change in pdb file residue 14 ;
this residue is split into PC and OL.

/home/thomas/miniconda3/envs/pawsey-internship/bin/teLeap: Warning!
Name change in pdb file residue 15 ;
this residue is split into OL and PC.

/home/thomas/miniconda3/envs/pawsey-internship/bin/teLeap: Warning!
Name change in pdb file residue 15 ;
this residue is split into PC and OL.

/home/thomas/miniconda3/envs/pawsey-internship/bin/teLeap: Warning!
Name change in pdb file residue 16 ;
this residue is split into OL and PC.

/home/thomas/miniconda3/envs/pawsey-internship/bin/teLeap: Warning!
Name change in pdb file residue 16 ;
this residue is split into PC and OL.

/home/thomas/miniconda3/envs/pawsey-internship/bin/teLeap: Warning!
Name change in pdb file residue 17 ;
this residue is split into OL and PC.

/home/thomas/miniconda3/envs/pawsey-internship/bin/teLeap: Warning!
Name change in pdb file residue 17 ;
this residue is split into PC and OL.

/home/thomas/miniconda3/envs/pawsey-internship/bin/teLeap: Warning!
Name change in pdb file residue 18 ;
this residue is split into OL and PC.

/home/thomas/miniconda3/envs/pawsey-internship/bin/teLeap: Warning!
Name change in pdb file residue 18 ;
this residue is split into PC and OL.

/home/thomas/miniconda3/envs/pawsey-internship/bin/teLeap: Warning!
Name change in pdb file residue 19 ;
this residue is split into OL and PC.

/home/thomas/miniconda3/envs/pawsey-internship/bin/teLeap: Warning!
Name change in pdb file residue 19 ;
this residue is split into PC and OL.

/home/thomas/miniconda3/envs/pawsey-internship/bin/teLeap: Warning!
Name change in pdb file residue 20 ;
this residue is split into OL and PC.

/home/thomas/miniconda3/envs/pawsey-internship/bin/teLeap: Warning!
Name change in pdb file residue 20 ;
this residue is split into PC and OL.

/home/thomas/miniconda3/envs/pawsey-internship/bin/teLeap: Warning!
Name change in pdb file residue 21 ;
this residue is split into OL and PC.

/home/thomas/miniconda3/envs/pawsey-internship/bin/teLeap: Warning!
Name change in pdb file residue 21 ;
this residue is split into PC and OL.

/home/thomas/miniconda3/envs/pawsey-internship/bin/teLeap: Warning!
Name change in pdb file residue 22 ;
this residue is split into OL and PC.

/home/thomas/miniconda3/envs/pawsey-internship/bin/teLeap: Warning!
Name change in pdb file residue 22 ;
this residue is split into PC and OL.

/home/thomas/miniconda3/envs/pawsey-internship/bin/teLeap: Warning!
Name change in pdb file residue 23 ;
this residue is split into OL and PC.

/home/thomas/miniconda3/envs/pawsey-internship/bin/teLeap: Warning!
Name change in pdb file residue 23 ;
this residue is split into PC and OL.

/home/thomas/miniconda3/envs/pawsey-internship/bin/teLeap: Warning!
Name change in pdb file residue 24 ;
this residue is split into OL and PC.

/home/thomas/miniconda3/envs/pawsey-internship/bin/teLeap: Warning!
Name change in pdb file residue 24 ;
this residue is split into PC and OL.

/home/thomas/miniconda3/envs/pawsey-internship/bin/teLeap: Warning!
Name change in pdb file residue 25 ;
this residue is split into OL and PC.

/home/thomas/miniconda3/envs/pawsey-internship/bin/teLeap: Warning!
Name change in pdb file residue 25 ;
this residue is split into PC and OL.

/home/thomas/miniconda3/envs/pawsey-internship/bin/teLeap: Warning!
Name change in pdb file residue 26 ;
this residue is split into OL and PC.

/home/thomas/miniconda3/envs/pawsey-internship/bin/teLeap: Warning!
Name change in pdb file residue 26 ;
this residue is split into PC and OL.

/home/thomas/miniconda3/envs/pawsey-internship/bin/teLeap: Warning!
Name change in pdb file residue 27 ;
this residue is split into OL and PC.

/home/thomas/miniconda3/envs/pawsey-internship/bin/teLeap: Warning!
Name change in pdb file residue 27 ;
this residue is split into PC and OL.

/home/thomas/miniconda3/envs/pawsey-internship/bin/teLeap: Warning!
Name change in pdb file residue 28 ;
this residue is split into OL and PC.

/home/thomas/miniconda3/envs/pawsey-internship/bin/teLeap: Warning!
Name change in pdb file residue 28 ;
this residue is split into PC and OL.

/home/thomas/miniconda3/envs/pawsey-internship/bin/teLeap: Warning!
Name change in pdb file residue 29 ;
this residue is split into OL and PC.

/home/thomas/miniconda3/envs/pawsey-internship/bin/teLeap: Warning!
Name change in pdb file residue 29 ;
this residue is split into PC and OL.

/home/thomas/miniconda3/envs/pawsey-internship/bin/teLeap: Warning!
Name change in pdb file residue 30 ;
this residue is split into OL and PC.

/home/thomas/miniconda3/envs/pawsey-internship/bin/teLeap: Warning!
Name change in pdb file residue 30 ;
this residue is split into PC and OL.

/home/thomas/miniconda3/envs/pawsey-internship/bin/teLeap: Warning!
Name change in pdb file residue 31 ;
this residue is split into OL and PC.

/home/thomas/miniconda3/envs/pawsey-internship/bin/teLeap: Warning!
Name change in pdb file residue 31 ;
this residue is split into PC and OL.

/home/thomas/miniconda3/envs/pawsey-internship/bin/teLeap: Warning!
Name change in pdb file residue 32 ;
this residue is split into OL and PC.

/home/thomas/miniconda3/envs/pawsey-internship/bin/teLeap: Warning!
Name change in pdb file residue 32 ;
this residue is split into PC and OL.

/home/thomas/miniconda3/envs/pawsey-internship/bin/teLeap: Warning!
Name change in pdb file residue 33 ;
this residue is split into OL and PC.

/home/thomas/miniconda3/envs/pawsey-internship/bin/teLeap: Warning!
Name change in pdb file residue 33 ;
this residue is split into PC and OL.

/home/thomas/miniconda3/envs/pawsey-internship/bin/teLeap: Warning!
Name change in pdb file residue 34 ;
this residue is split into OL and PC.

/home/thomas/miniconda3/envs/pawsey-internship/bin/teLeap: Warning!
Name change in pdb file residue 34 ;
this residue is split into PC and OL.

/home/thomas/miniconda3/envs/pawsey-internship/bin/teLeap: Warning!
Name change in pdb file residue 35 ;
this residue is split into OL and PC.

/home/thomas/miniconda3/envs/pawsey-internship/bin/teLeap: Warning!
Name change in pdb file residue 35 ;
this residue is split into PC and OL.

/home/thomas/miniconda3/envs/pawsey-internship/bin/teLeap: Warning!
Name change in pdb file residue 36 ;
this residue is split into OL and PC.

/home/thomas/miniconda3/envs/pawsey-internship/bin/teLeap: Warning!
Name change in pdb file residue 36 ;
this residue is split into PC and OL.

/home/thomas/miniconda3/envs/pawsey-internship/bin/teLeap: Warning!
Name change in pdb file residue 37 ;
this residue is split into OL and PC.

/home/thomas/miniconda3/envs/pawsey-internship/bin/teLeap: Warning!
Name change in pdb file residue 37 ;
this residue is split into PC and OL.

/home/thomas/miniconda3/envs/pawsey-internship/bin/teLeap: Warning!
Name change in pdb file residue 38 ;
this residue is split into OL and PC.

/home/thomas/miniconda3/envs/pawsey-internship/bin/teLeap: Warning!
Name change in pdb file residue 38 ;
this residue is split into PC and OL.

/home/thomas/miniconda3/envs/pawsey-internship/bin/teLeap: Warning!
Name change in pdb file residue 39 ;
this residue is split into OL and PC.

/home/thomas/miniconda3/envs/pawsey-internship/bin/teLeap: Warning!
Name change in pdb file residue 39 ;
this residue is split into PC and OL.

/home/thomas/miniconda3/envs/pawsey-internship/bin/teLeap: Warning!
Name change in pdb file residue 40 ;
this residue is split into OL and PC.

/home/thomas/miniconda3/envs/pawsey-internship/bin/teLeap: Warning!
Name change in pdb file residue 40 ;
this residue is split into PC and OL.

/home/thomas/miniconda3/envs/pawsey-internship/bin/teLeap: Warning!
Name change in pdb file residue 41 ;
this residue is split into OL and PC.

/home/thomas/miniconda3/envs/pawsey-internship/bin/teLeap: Warning!
Name change in pdb file residue 41 ;
this residue is split into PC and OL.

/home/thomas/miniconda3/envs/pawsey-internship/bin/teLeap: Warning!
Name change in pdb file residue 42 ;
this residue is split into OL and PC.

/home/thomas/miniconda3/envs/pawsey-internship/bin/teLeap: Warning!
Name change in pdb file residue 42 ;
this residue is split into PC and OL.

/home/thomas/miniconda3/envs/pawsey-internship/bin/teLeap: Warning!
Name change in pdb file residue 43 ;
this residue is split into OL and PC.

/home/thomas/miniconda3/envs/pawsey-internship/bin/teLeap: Warning!
Name change in pdb file residue 43 ;
this residue is split into PC and OL.

/home/thomas/miniconda3/envs/pawsey-internship/bin/teLeap: Warning!
Name change in pdb file residue 44 ;
this residue is split into OL and PC.

/home/thomas/miniconda3/envs/pawsey-internship/bin/teLeap: Warning!
Name change in pdb file residue 44 ;
this residue is split into PC and OL.

/home/thomas/miniconda3/envs/pawsey-internship/bin/teLeap: Warning!
Name change in pdb file residue 45 ;
this residue is split into OL and PC.

/home/thomas/miniconda3/envs/pawsey-internship/bin/teLeap: Warning!
Name change in pdb file residue 45 ;
this residue is split into PC and OL.

/home/thomas/miniconda3/envs/pawsey-internship/bin/teLeap: Warning!
Name change in pdb file residue 46 ;
this residue is split into OL and PC.

/home/thomas/miniconda3/envs/pawsey-internship/bin/teLeap: Warning!
Name change in pdb file residue 46 ;
this residue is split into PC and OL.

/home/thomas/miniconda3/envs/pawsey-internship/bin/teLeap: Warning!
Name change in pdb file residue 47 ;
this residue is split into OL and PC.

/home/thomas/miniconda3/envs/pawsey-internship/bin/teLeap: Warning!
Name change in pdb file residue 47 ;
this residue is split into PC and OL.

/home/thomas/miniconda3/envs/pawsey-internship/bin/teLeap: Warning!
Name change in pdb file residue 48 ;
this residue is split into OL and PC.

/home/thomas/miniconda3/envs/pawsey-internship/bin/teLeap: Warning!
Name change in pdb file residue 48 ;
this residue is split into PC and OL.

/home/thomas/miniconda3/envs/pawsey-internship/bin/teLeap: Warning!
Name change in pdb file residue 49 ;
this residue is split into OL and PC.

/home/thomas/miniconda3/envs/pawsey-internship/bin/teLeap: Warning!
Name change in pdb file residue 49 ;
this residue is split into PC and OL.

/home/thomas/miniconda3/envs/pawsey-internship/bin/teLeap: Warning!
Name change in pdb file residue 50 ;
this residue is split into OL and PC.

/home/thomas/miniconda3/envs/pawsey-internship/bin/teLeap: Warning!
Name change in pdb file residue 50 ;
this residue is split into PC and OL.

/home/thomas/miniconda3/envs/pawsey-internship/bin/teLeap: Warning!
Name change in pdb file residue 51 ;
this residue is split into OL and PC.

/home/thomas/miniconda3/envs/pawsey-internship/bin/teLeap: Warning!
Name change in pdb file residue 51 ;
this residue is split into PC and OL.

/home/thomas/miniconda3/envs/pawsey-internship/bin/teLeap: Warning!
Name change in pdb file residue 52 ;
this residue is split into OL and PC.

/home/thomas/miniconda3/envs/pawsey-internship/bin/teLeap: Warning!
Name change in pdb file residue 52 ;
this residue is split into PC and OL.

/home/thomas/miniconda3/envs/pawsey-internship/bin/teLeap: Warning!
Name change in pdb file residue 53 ;
this residue is split into OL and PC.

/home/thomas/miniconda3/envs/pawsey-internship/bin/teLeap: Warning!
Name change in pdb file residue 53 ;
this residue is split into PC and OL.

/home/thomas/miniconda3/envs/pawsey-internship/bin/teLeap: Warning!
Name change in pdb file residue 54 ;
this residue is split into OL and PC.

/home/thomas/miniconda3/envs/pawsey-internship/bin/teLeap: Warning!
Name change in pdb file residue 54 ;
this residue is split into PC and OL.

/home/thomas/miniconda3/envs/pawsey-internship/bin/teLeap: Warning!
Name change in pdb file residue 55 ;
this residue is split into OL and PC.

/home/thomas/miniconda3/envs/pawsey-internship/bin/teLeap: Warning!
Name change in pdb file residue 55 ;
this residue is split into PC and OL.

/home/thomas/miniconda3/envs/pawsey-internship/bin/teLeap: Warning!
Name change in pdb file residue 56 ;
this residue is split into OL and PC.

/home/thomas/miniconda3/envs/pawsey-internship/bin/teLeap: Warning!
Name change in pdb file residue 56 ;
this residue is split into PC and OL.

/home/thomas/miniconda3/envs/pawsey-internship/bin/teLeap: Warning!
Name change in pdb file residue 57 ;
this residue is split into OL and PC.

/home/thomas/miniconda3/envs/pawsey-internship/bin/teLeap: Warning!
Name change in pdb file residue 57 ;
this residue is split into PC and OL.

/home/thomas/miniconda3/envs/pawsey-internship/bin/teLeap: Warning!
Name change in pdb file residue 58 ;
this residue is split into OL and PC.

/home/thomas/miniconda3/envs/pawsey-internship/bin/teLeap: Warning!
Name change in pdb file residue 58 ;
this residue is split into PC and OL.

/home/thomas/miniconda3/envs/pawsey-internship/bin/teLeap: Warning!
Name change in pdb file residue 59 ;
this residue is split into OL and PC.

/home/thomas/miniconda3/envs/pawsey-internship/bin/teLeap: Warning!
Name change in pdb file residue 59 ;
this residue is split into PC and OL.

/home/thomas/miniconda3/envs/pawsey-internship/bin/teLeap: Warning!
Name change in pdb file residue 60 ;
this residue is split into OL and PC.

/home/thomas/miniconda3/envs/pawsey-internship/bin/teLeap: Warning!
Name change in pdb file residue 60 ;
this residue is split into PC and OL.

/home/thomas/miniconda3/envs/pawsey-internship/bin/teLeap: Warning!
Name change in pdb file residue 61 ;
this residue is split into OL and PC.

/home/thomas/miniconda3/envs/pawsey-internship/bin/teLeap: Warning!
Name change in pdb file residue 61 ;
this residue is split into PC and OL.

/home/thomas/miniconda3/envs/pawsey-internship/bin/teLeap: Warning!
Name change in pdb file residue 62 ;
this residue is split into OL and PC.

/home/thomas/miniconda3/envs/pawsey-internship/bin/teLeap: Warning!
Name change in pdb file residue 62 ;
this residue is split into PC and OL.

/home/thomas/miniconda3/envs/pawsey-internship/bin/teLeap: Warning!
Name change in pdb file residue 63 ;
this residue is split into OL and PC.

/home/thomas/miniconda3/envs/pawsey-internship/bin/teLeap: Warning!
Name change in pdb file residue 63 ;
this residue is split into PC and OL.

/home/thomas/miniconda3/envs/pawsey-internship/bin/teLeap: Warning!
Name change in pdb file residue 64 ;
this residue is split into OL and PC.

/home/thomas/miniconda3/envs/pawsey-internship/bin/teLeap: Warning!
Name change in pdb file residue 64 ;
this residue is split into PC and OL.

/home/thomas/miniconda3/envs/pawsey-internship/bin/teLeap: Warning!
Name change in pdb file residue 65 ;
this residue is split into OL and PC.

/home/thomas/miniconda3/envs/pawsey-internship/bin/teLeap: Warning!
Name change in pdb file residue 65 ;
this residue is split into PC and OL.

/home/thomas/miniconda3/envs/pawsey-internship/bin/teLeap: Warning!
Name change in pdb file residue 66 ;
this residue is split into OL and PC.

/home/thomas/miniconda3/envs/pawsey-internship/bin/teLeap: Warning!
Name change in pdb file residue 66 ;
this residue is split into PC and OL.

/home/thomas/miniconda3/envs/pawsey-internship/bin/teLeap: Warning!
Name change in pdb file residue 67 ;
this residue is split into OL and PC.

/home/thomas/miniconda3/envs/pawsey-internship/bin/teLeap: Warning!
Name change in pdb file residue 67 ;
this residue is split into PC and OL.

/home/thomas/miniconda3/envs/pawsey-internship/bin/teLeap: Warning!
Name change in pdb file residue 68 ;
this residue is split into OL and PC.

/home/thomas/miniconda3/envs/pawsey-internship/bin/teLeap: Warning!
Name change in pdb file residue 68 ;
this residue is split into PC and OL.

/home/thomas/miniconda3/envs/pawsey-internship/bin/teLeap: Warning!
Name change in pdb file residue 69 ;
this residue is split into OL and PC.

/home/thomas/miniconda3/envs/pawsey-internship/bin/teLeap: Warning!
Name change in pdb file residue 69 ;
this residue is split into PC and OL.

/home/thomas/miniconda3/envs/pawsey-internship/bin/teLeap: Warning!
Name change in pdb file residue 70 ;
this residue is split into OL and PC.

/home/thomas/miniconda3/envs/pawsey-internship/bin/teLeap: Warning!
Name change in pdb file residue 70 ;
this residue is split into PC and OL.

/home/thomas/miniconda3/envs/pawsey-internship/bin/teLeap: Warning!
Name change in pdb file residue 71 ;
this residue is split into OL and PC.

/home/thomas/miniconda3/envs/pawsey-internship/bin/teLeap: Warning!
Name change in pdb file residue 71 ;
this residue is split into PC and OL.

/home/thomas/miniconda3/envs/pawsey-internship/bin/teLeap: Warning!
Name change in pdb file residue 72 ;
this residue is split into OL and PC.

/home/thomas/miniconda3/envs/pawsey-internship/bin/teLeap: Warning!
Name change in pdb file residue 72 ;
this residue is split into PC and OL.

/home/thomas/miniconda3/envs/pawsey-internship/bin/teLeap: Warning!
Name change in pdb file residue 73 ;
this residue is split into OL and PC.

/home/thomas/miniconda3/envs/pawsey-internship/bin/teLeap: Warning!
Name change in pdb file residue 73 ;
this residue is split into PC and OL.

/home/thomas/miniconda3/envs/pawsey-internship/bin/teLeap: Warning!
Name change in pdb file residue 74 ;
this residue is split into OL and PC.

/home/thomas/miniconda3/envs/pawsey-internship/bin/teLeap: Warning!
Name change in pdb file residue 74 ;
this residue is split into PC and OL.

/home/thomas/miniconda3/envs/pawsey-internship/bin/teLeap: Warning!
Name change in pdb file residue 75 ;
this residue is split into OL and PC.

/home/thomas/miniconda3/envs/pawsey-internship/bin/teLeap: Warning!
Name change in pdb file residue 75 ;
this residue is split into PC and OL.

/home/thomas/miniconda3/envs/pawsey-internship/bin/teLeap: Warning!
Name change in pdb file residue 76 ;
this residue is split into OL and PC.

/home/thomas/miniconda3/envs/pawsey-internship/bin/teLeap: Warning!
Name change in pdb file residue 76 ;
this residue is split into PC and OL.

/home/thomas/miniconda3/envs/pawsey-internship/bin/teLeap: Warning!
Name change in pdb file residue 77 ;
this residue is split into OL and PC.

/home/thomas/miniconda3/envs/pawsey-internship/bin/teLeap: Warning!
Name change in pdb file residue 77 ;
this residue is split into PC and OL.

/home/thomas/miniconda3/envs/pawsey-internship/bin/teLeap: Warning!
Name change in pdb file residue 78 ;
this residue is split into OL and PC.

/home/thomas/miniconda3/envs/pawsey-internship/bin/teLeap: Warning!
Name change in pdb file residue 78 ;
this residue is split into PC and OL.

/home/thomas/miniconda3/envs/pawsey-internship/bin/teLeap: Warning!
Name change in pdb file residue 79 ;
this residue is split into OL and PC.

/home/thomas/miniconda3/envs/pawsey-internship/bin/teLeap: Warning!
Name change in pdb file residue 79 ;
this residue is split into PC and OL.

/home/thomas/miniconda3/envs/pawsey-internship/bin/teLeap: Warning!
Name change in pdb file residue 80 ;
this residue is split into OL and PC.

/home/thomas/miniconda3/envs/pawsey-internship/bin/teLeap: Warning!
Name change in pdb file residue 80 ;
this residue is split into PC and OL.

/home/thomas/miniconda3/envs/pawsey-internship/bin/teLeap: Warning!
Name change in pdb file residue 81 ;
this residue is split into OL and PC.

/home/thomas/miniconda3/envs/pawsey-internship/bin/teLeap: Warning!
Name change in pdb file residue 81 ;
this residue is split into PC and OL.

/home/thomas/miniconda3/envs/pawsey-internship/bin/teLeap: Warning!
Name change in pdb file residue 82 ;
this residue is split into OL and PC.

/home/thomas/miniconda3/envs/pawsey-internship/bin/teLeap: Warning!
Name change in pdb file residue 82 ;
this residue is split into PC and OL.

/home/thomas/miniconda3/envs/pawsey-internship/bin/teLeap: Warning!
Name change in pdb file residue 83 ;
this residue is split into OL and PC.

/home/thomas/miniconda3/envs/pawsey-internship/bin/teLeap: Warning!
Name change in pdb file residue 83 ;
this residue is split into PC and OL.

/home/thomas/miniconda3/envs/pawsey-internship/bin/teLeap: Warning!
Name change in pdb file residue 84 ;
this residue is split into OL and PC.

/home/thomas/miniconda3/envs/pawsey-internship/bin/teLeap: Warning!
Name change in pdb file residue 84 ;
this residue is split into PC and OL.

/home/thomas/miniconda3/envs/pawsey-internship/bin/teLeap: Warning!
Name change in pdb file residue 85 ;
this residue is split into OL and PC.

/home/thomas/miniconda3/envs/pawsey-internship/bin/teLeap: Warning!
Name change in pdb file residue 85 ;
this residue is split into PC and OL.

/home/thomas/miniconda3/envs/pawsey-internship/bin/teLeap: Warning!
Name change in pdb file residue 86 ;
this residue is split into OL and PC.

/home/thomas/miniconda3/envs/pawsey-internship/bin/teLeap: Warning!
Name change in pdb file residue 86 ;
this residue is split into PC and OL.

/home/thomas/miniconda3/envs/pawsey-internship/bin/teLeap: Warning!
Name change in pdb file residue 87 ;
this residue is split into OL and PC.

/home/thomas/miniconda3/envs/pawsey-internship/bin/teLeap: Warning!
Name change in pdb file residue 87 ;
this residue is split into PC and OL.

/home/thomas/miniconda3/envs/pawsey-internship/bin/teLeap: Warning!
Name change in pdb file residue 88 ;
this residue is split into OL and PC.

/home/thomas/miniconda3/envs/pawsey-internship/bin/teLeap: Warning!
Name change in pdb file residue 88 ;
this residue is split into PC and OL.

/home/thomas/miniconda3/envs/pawsey-internship/bin/teLeap: Warning!
Name change in pdb file residue 89 ;
this residue is split into OL and PC.

/home/thomas/miniconda3/envs/pawsey-internship/bin/teLeap: Warning!
Name change in pdb file residue 89 ;
this residue is split into PC and OL.

/home/thomas/miniconda3/envs/pawsey-internship/bin/teLeap: Warning!
Name change in pdb file residue 90 ;
this residue is split into OL and PC.

/home/thomas/miniconda3/envs/pawsey-internship/bin/teLeap: Warning!
Name change in pdb file residue 90 ;
this residue is split into PC and OL.

/home/thomas/miniconda3/envs/pawsey-internship/bin/teLeap: Warning!
Name change in pdb file residue 91 ;
this residue is split into OL and PC.

/home/thomas/miniconda3/envs/pawsey-internship/bin/teLeap: Warning!
Name change in pdb file residue 91 ;
this residue is split into PC and OL.

/home/thomas/miniconda3/envs/pawsey-internship/bin/teLeap: Warning!
Name change in pdb file residue 92 ;
this residue is split into OL and PC.

/home/thomas/miniconda3/envs/pawsey-internship/bin/teLeap: Warning!
Name change in pdb file residue 92 ;
this residue is split into PC and OL.

/home/thomas/miniconda3/envs/pawsey-internship/bin/teLeap: Warning!
Name change in pdb file residue 93 ;
this residue is split into OL and PC.

/home/thomas/miniconda3/envs/pawsey-internship/bin/teLeap: Warning!
Name change in pdb file residue 93 ;
this residue is split into PC and OL.

/home/thomas/miniconda3/envs/pawsey-internship/bin/teLeap: Warning!
Name change in pdb file residue 94 ;
this residue is split into OL and PC.

/home/thomas/miniconda3/envs/pawsey-internship/bin/teLeap: Warning!
Name change in pdb file residue 94 ;
this residue is split into PC and OL.

/home/thomas/miniconda3/envs/pawsey-internship/bin/teLeap: Warning!
Name change in pdb file residue 95 ;
this residue is split into OL and PC.

/home/thomas/miniconda3/envs/pawsey-internship/bin/teLeap: Warning!
Name change in pdb file residue 95 ;
this residue is split into PC and OL.

/home/thomas/miniconda3/envs/pawsey-internship/bin/teLeap: Warning!
Name change in pdb file residue 96 ;
this residue is split into OL and PC.

/home/thomas/miniconda3/envs/pawsey-internship/bin/teLeap: Warning!
Name change in pdb file residue 96 ;
this residue is split into PC and OL.

/home/thomas/miniconda3/envs/pawsey-internship/bin/teLeap: Warning!
Name change in pdb file residue 97 ;
this residue is split into OL and PC.

/home/thomas/miniconda3/envs/pawsey-internship/bin/teLeap: Warning!
Name change in pdb file residue 97 ;
this residue is split into PC and OL.

/home/thomas/miniconda3/envs/pawsey-internship/bin/teLeap: Warning!
Name change in pdb file residue 98 ;
this residue is split into OL and PC.

/home/thomas/miniconda3/envs/pawsey-internship/bin/teLeap: Warning!
Name change in pdb file residue 98 ;
this residue is split into PC and OL.

/home/thomas/miniconda3/envs/pawsey-internship/bin/teLeap: Warning!
Name change in pdb file residue 99 ;
this residue is split into OL and PC.

/home/thomas/miniconda3/envs/pawsey-internship/bin/teLeap: Warning!
Name change in pdb file residue 99 ;
this residue is split into PC and OL.

/home/thomas/miniconda3/envs/pawsey-internship/bin/teLeap: Warning!
Name change in pdb file residue 100 ;
this residue is split into OL and PC.

/home/thomas/miniconda3/envs/pawsey-internship/bin/teLeap: Warning!
Name change in pdb file residue 100 ;
this residue is split into PC and OL.

/home/thomas/miniconda3/envs/pawsey-internship/bin/teLeap: Warning!
Name change in pdb file residue 101 ;
this residue is split into OL and PC.

/home/thomas/miniconda3/envs/pawsey-internship/bin/teLeap: Warning!
Name change in pdb file residue 101 ;
this residue is split into PC and OL.

/home/thomas/miniconda3/envs/pawsey-internship/bin/teLeap: Warning!
Name change in pdb file residue 102 ;
this residue is split into OL and PC.

/home/thomas/miniconda3/envs/pawsey-internship/bin/teLeap: Warning!
Name change in pdb file residue 102 ;
this residue is split into PC and OL.

/home/thomas/miniconda3/envs/pawsey-internship/bin/teLeap: Warning!
Name change in pdb file residue 103 ;
this residue is split into OL and PC.

/home/thomas/miniconda3/envs/pawsey-internship/bin/teLeap: Warning!
Name change in pdb file residue 103 ;
this residue is split into PC and OL.

/home/thomas/miniconda3/envs/pawsey-internship/bin/teLeap: Warning!
Name change in pdb file residue 104 ;
this residue is split into OL and PC.

/home/thomas/miniconda3/envs/pawsey-internship/bin/teLeap: Warning!
Name change in pdb file residue 104 ;
this residue is split into PC and OL.

/home/thomas/miniconda3/envs/pawsey-internship/bin/teLeap: Warning!
Name change in pdb file residue 105 ;
this residue is split into OL and PC.

/home/thomas/miniconda3/envs/pawsey-internship/bin/teLeap: Warning!
Name change in pdb file residue 105 ;
this residue is split into PC and OL.

/home/thomas/miniconda3/envs/pawsey-internship/bin/teLeap: Warning!
Name change in pdb file residue 106 ;
this residue is split into OL and PC.

/home/thomas/miniconda3/envs/pawsey-internship/bin/teLeap: Warning!
Name change in pdb file residue 106 ;
this residue is split into PC and OL.

/home/thomas/miniconda3/envs/pawsey-internship/bin/teLeap: Warning!
Name change in pdb file residue 107 ;
this residue is split into OL and PC.

/home/thomas/miniconda3/envs/pawsey-internship/bin/teLeap: Warning!
Name change in pdb file residue 107 ;
this residue is split into PC and OL.

/home/thomas/miniconda3/envs/pawsey-internship/bin/teLeap: Warning!
Name change in pdb file residue 108 ;
this residue is split into OL and PC.

/home/thomas/miniconda3/envs/pawsey-internship/bin/teLeap: Warning!
Name change in pdb file residue 108 ;
this residue is split into PC and OL.

/home/thomas/miniconda3/envs/pawsey-internship/bin/teLeap: Warning!
Name change in pdb file residue 109 ;
this residue is split into OL and PC.

/home/thomas/miniconda3/envs/pawsey-internship/bin/teLeap: Warning!
Name change in pdb file residue 109 ;
this residue is split into PC and OL.

/home/thomas/miniconda3/envs/pawsey-internship/bin/teLeap: Warning!
Name change in pdb file residue 110 ;
this residue is split into OL and PC.

/home/thomas/miniconda3/envs/pawsey-internship/bin/teLeap: Warning!
Name change in pdb file residue 110 ;
this residue is split into PC and OL.

/home/thomas/miniconda3/envs/pawsey-internship/bin/teLeap: Warning!
Name change in pdb file residue 111 ;
this residue is split into OL and PC.

/home/thomas/miniconda3/envs/pawsey-internship/bin/teLeap: Warning!
Name change in pdb file residue 111 ;
this residue is split into PC and OL.

/home/thomas/miniconda3/envs/pawsey-internship/bin/teLeap: Warning!
Name change in pdb file residue 112 ;
this residue is split into OL and PC.

/home/thomas/miniconda3/envs/pawsey-internship/bin/teLeap: Warning!
Name change in pdb file residue 112 ;
this residue is split into PC and OL.

/home/thomas/miniconda3/envs/pawsey-internship/bin/teLeap: Warning!
Name change in pdb file residue 113 ;
this residue is split into OL and PC.

/home/thomas/miniconda3/envs/pawsey-internship/bin/teLeap: Warning!
Name change in pdb file residue 113 ;
this residue is split into PC and OL.

/home/thomas/miniconda3/envs/pawsey-internship/bin/teLeap: Warning!
Name change in pdb file residue 114 ;
this residue is split into OL and PC.

/home/thomas/miniconda3/envs/pawsey-internship/bin/teLeap: Warning!
Name change in pdb file residue 114 ;
this residue is split into PC and OL.

/home/thomas/miniconda3/envs/pawsey-internship/bin/teLeap: Warning!
Name change in pdb file residue 115 ;
this residue is split into OL and PC.

/home/thomas/miniconda3/envs/pawsey-internship/bin/teLeap: Warning!
Name change in pdb file residue 115 ;
this residue is split into PC and OL.

/home/thomas/miniconda3/envs/pawsey-internship/bin/teLeap: Warning!
Name change in pdb file residue 116 ;
this residue is split into OL and PC.

/home/thomas/miniconda3/envs/pawsey-internship/bin/teLeap: Warning!
Name change in pdb file residue 116 ;
this residue is split into PC and OL.

/home/thomas/miniconda3/envs/pawsey-internship/bin/teLeap: Warning!
Name change in pdb file residue 117 ;
this residue is split into OL and PC.

/home/thomas/miniconda3/envs/pawsey-internship/bin/teLeap: Warning!
Name change in pdb file residue 117 ;
this residue is split into PC and OL.

/home/thomas/miniconda3/envs/pawsey-internship/bin/teLeap: Warning!
Name change in pdb file residue 118 ;
this residue is split into OL and PC.

/home/thomas/miniconda3/envs/pawsey-internship/bin/teLeap: Warning!
Name change in pdb file residue 118 ;
this residue is split into PC and OL.

/home/thomas/miniconda3/envs/pawsey-internship/bin/teLeap: Warning!
Name change in pdb file residue 119 ;
this residue is split into OL and PC.

/home/thomas/miniconda3/envs/pawsey-internship/bin/teLeap: Warning!
Name change in pdb file residue 119 ;
this residue is split into PC and OL.

/home/thomas/miniconda3/envs/pawsey-internship/bin/teLeap: Warning!
Name change in pdb file residue 120 ;
this residue is split into OL and PC.

/home/thomas/miniconda3/envs/pawsey-internship/bin/teLeap: Warning!
Name change in pdb file residue 120 ;
this residue is split into PC and OL.

/home/thomas/miniconda3/envs/pawsey-internship/bin/teLeap: Warning!
Name change in pdb file residue 121 ;
this residue is split into OL and PC.

/home/thomas/miniconda3/envs/pawsey-internship/bin/teLeap: Warning!
Name change in pdb file residue 121 ;
this residue is split into PC and OL.

/home/thomas/miniconda3/envs/pawsey-internship/bin/teLeap: Warning!
Name change in pdb file residue 122 ;
this residue is split into OL and PC.

/home/thomas/miniconda3/envs/pawsey-internship/bin/teLeap: Warning!
Name change in pdb file residue 122 ;
this residue is split into PC and OL.

/home/thomas/miniconda3/envs/pawsey-internship/bin/teLeap: Warning!
Name change in pdb file residue 123 ;
this residue is split into OL and PC.

/home/thomas/miniconda3/envs/pawsey-internship/bin/teLeap: Warning!
Name change in pdb file residue 123 ;
this residue is split into PC and OL.

/home/thomas/miniconda3/envs/pawsey-internship/bin/teLeap: Warning!
Name change in pdb file residue 124 ;
this residue is split into OL and PC.

/home/thomas/miniconda3/envs/pawsey-internship/bin/teLeap: Warning!
Name change in pdb file residue 124 ;
this residue is split into PC and OL.

/home/thomas/miniconda3/envs/pawsey-internship/bin/teLeap: Warning!
Name change in pdb file residue 125 ;
this residue is split into OL and PC.

/home/thomas/miniconda3/envs/pawsey-internship/bin/teLeap: Warning!
Name change in pdb file residue 125 ;
this residue is split into PC and OL.

/home/thomas/miniconda3/envs/pawsey-internship/bin/teLeap: Warning!
Name change in pdb file residue 126 ;
this residue is split into OL and PC.

/home/thomas/miniconda3/envs/pawsey-internship/bin/teLeap: Warning!
Name change in pdb file residue 126 ;
this residue is split into PC and OL.

/home/thomas/miniconda3/envs/pawsey-internship/bin/teLeap: Warning!
Name change in pdb file residue 127 ;
this residue is split into OL and PC.

/home/thomas/miniconda3/envs/pawsey-internship/bin/teLeap: Warning!
Name change in pdb file residue 127 ;
this residue is split into PC and OL.

/home/thomas/miniconda3/envs/pawsey-internship/bin/teLeap: Warning!
Name change in pdb file residue 128 ;
this residue is split into OL and PC.

/home/thomas/miniconda3/envs/pawsey-internship/bin/teLeap: Warning!
Name change in pdb file residue 128 ;
this residue is split into PC and OL.
 (starting new molecule for chain A)
 (starting new molecule for chain B)

/home/thomas/miniconda3/envs/pawsey-internship/bin/teLeap: Note.
256 residues had naming warnings.
Thus, there are split residues;
residue sequence numbers will not correspond to those in the pdb.
  total atoms in file: 26292
Checking Unit.
Building topology.
Building atom parameters.
Building bond parameters.
Building angle parameters.
Building proper torsion parameters.
Building improper torsion parameters.
 total 768 improper torsions applied
Building H-Bond parameters.
Incorporating Non-Bonded adjustments.
Not Marking per-residue atom chain types.
Marking per-residue atom chain types.
  (Residues lacking connect0/connect1 - 
   these don't have chain types marked:

	res	total affected

	WAT	2876
  )
 (no restraints)
Writing pdb file: dopc128x1_42w_lipid21.pdb
   printing CRYST1 record to PDB file with box info
	Quit

Exiting LEaP: Errors = 0; Warnings = 256; Notes = 1.
