
          -------------------------------------------------------
          Amber 22 SANDER                              2022
          -------------------------------------------------------

| Run on 12/06/2023 at 15:18:56

|   Executable path: sander
| Working directory: /home/thomas/protocell-model/amber-dopc/scratch
|          Hostname: Unknown
  [-O]verwriting output

File Assignments:
|  MDIN: 01_min.in                                                             
| MDOUT: 01_min.out                                                            
|INPCRD: dopc128x1_42w_lipid21.inpcrd                                          
|  PARM: dopc128x1_42w_lipid21.prmtop                                          
|RESTRT: restrt.ncrst                                                          
|  REFC: refc                                                                  
| MDVEL: mdvel                                                                 
| MDFRC: mdfrc                                                                 
|  MDEN: mden                                                                  
| MDCRD: mdcrd                                                                 
|MDINFO: 01_min.mdinfo                                                         
|  MTMD: mtmd                                                                  
|INPDIP: inpdip                                                                
|RSTDIP: rstdip                                                                
|INPTRA: inptraj                                                               


 Here is the input file:

energy minimization                                                            
 &cntrl                                                                        
  imin=1,                                                                      
  ntx=1,                                                                       
  irest=0,                                                                     
  maxcyc=2000,                                                                 
  ncyc=1000,                                                                   
  ntpr=100,                                                                    
  ntwx=0,                                                                      
  cut=8.0,                                                                     
/                                                                              

--------------------------------------------------------------------------------
   1.  RESOURCE   USE: 
--------------------------------------------------------------------------------

| Flags:                                                                        
 getting new box info from bottom of inpcrd
|  INFO: Old style inpcrd file read

| peek_ewald_inpcrd: Box info found
|Largest sphere to fit in unit cell has radius =    34.467
| New format PARM file being parsed.
| Version =    1.000 Date = 12/06/23 Time = 14:41:26
 NATOM  =   26292 NTYPES =      12 NBONH =   19380 MBONA  =    6784
 NTHETH =   25728 MTHETA =    7808 NPHIH =   44032 MPHIA  =   27008
 NHPARM =       0 NPARM  =       0 NNB   =  109552 NRES   =    3260
 NBONA  =    6784 NTHETA =    7808 NPHIA =   27008 NUMBND =      18
 NUMANG =      30 NPTRA  =      48 NATYP =      16 NPHB   =       0
 IFBOX  =       1 NMXRS  =      50 IFCAP =       0 NEXTRA =       0
 NCOPY  =       0


|     Memory Use     Allocated
|     Real             2837905
|     Hollerith          82138
|     Integer          4098213
|     Max Pairs        8764000
|     nblistReal        315504
|     nblist Int       1994673
|       Total            82991 kbytes

| Note: 1-4 EEL scale factors are being read from the topology file.

| Note: 1-4 VDW scale factors are being read from the topology file.
| Duplicated    0 dihedrals
| Duplicated    0 dihedrals

     BOX TYPE: RECTILINEAR

--------------------------------------------------------------------------------
   2.  CONTROL  DATA  FOR  THE  RUN
--------------------------------------------------------------------------------

default_name                                                                    

General flags:
     imin    =       1, nmropt  =       0

Nature and format of input:
     ntx     =       1, irest   =       0, ntrx    =       1

Nature and format of output:
     ntxo    =       2, ntpr    =     100, ntrx    =       1, ntwr    =       1
     iwrap   =       0, ntwx    =       0, ntwv    =       0, ntwe    =       0
     ioutfm  =       1, ntwprt  =       0, idecomp =       0, rbornstat=      0

Potential function:
     ntf     =       1, ntb     =       1, igb     =       0, nsnb    =      25
     ipol    =       0, gbsa    =       0, iesp    =       0
     dielc   =   1.00000, cut     =   8.00000, intdiel =   1.00000

Frozen or restrained atoms:
     ibelly  =       0, ntr     =       0

Energy minimization:
     maxcyc  =    2000, ncyc    =    1000, ntmin   =       1
     dx0     =   0.01000, drms    =   0.00010

Ewald parameters:
     verbose =       0, ew_type =       0, nbflag  =       1, use_pme =       1
     vdwmeth =       1, eedmeth =       1, netfrc  =       0
     Box X =   68.934   Box Y =   69.006   Box Z =   98.030
     Alpha =   90.000   Beta  =   90.000   Gamma =   90.000
     NFFT1 =   72       NFFT2 =   72       NFFT3 =  100
     Cutoff=    8.000   Tol   =0.100E-04
     Ewald Coefficient =  0.34864
     Interpolation order =    4

--------------------------------------------------------------------------------
   3.  ATOMIC COORDINATES AND VELOCITIES
--------------------------------------------------------------------------------

default_name                                                                    
 begin time read from input coords =     0.000 ps

 Number of triangulated 3-point waters found:     2876

     Sum of charges from parm topology file =   0.00000144
     Forcing neutrality...

--------------------------------------------------------------------------------
   4.  RESULTS
--------------------------------------------------------------------------------

 ---------------------------------------------------
 APPROXIMATING switch and d/dx switch using CUBIC SPLINE INTERPOLATION
 using   5000.0 points per unit in tabled values
 TESTING RELATIVE ERROR over r ranging from 0.0 to cutoff
| CHECK switch(x): max rel err =   0.2738E-14   at   2.422500
| CHECK d/dx switch(x): max rel err =   0.8332E-11   at   2.782960
 ---------------------------------------------------
| Local SIZE OF NONBOND LIST =    3777782
| TOTAL SIZE OF NONBOND LIST =    3777782


   NSTEP       ENERGY          RMS            GMAX         NAME    NUMBER
      1       2.5192E+09     3.1164E+08     5.0283E+10     H16S    11033

 BOND    =    28367.4353  ANGLE   =    10541.1855  DIHED      =     7120.5109
 VDWAALS = *************  EEL     =   -16833.6631  HBOND      =        0.0000
 1-4 VDW =     2027.5266  1-4 EEL =   -16859.6515  RESTRAINT  =        0.0000


   NSTEP       ENERGY          RMS            GMAX         NAME    NUMBER
    100      -3.8960E+04     4.0227E+00     1.0516E+02     C110     6234

 BOND    =     1158.3745  ANGLE   =     1458.0953  DIHED      =     6401.3409
 VDWAALS =    -5835.5918  EEL     =   -26592.9709  HBOND      =        0.0000
 1-4 VDW =     1657.3958  1-4 EEL =   -17206.7091  RESTRAINT  =        0.0000


   NSTEP       ENERGY          RMS            GMAX         NAME    NUMBER
    200      -4.3733E+04     3.1226E+00     2.5133E+02     C19      6232

 BOND    =     1102.5317  ANGLE   =     1244.0948  DIHED      =     6169.2551
 VDWAALS =    -5685.4302  EEL     =   -30927.4204  HBOND      =        0.0000
 1-4 VDW =     1587.7681  1-4 EEL =   -17223.5161  RESTRAINT  =        0.0000


   NSTEP       ENERGY          RMS            GMAX         NAME    NUMBER
    300      -4.6359E+04     7.9221E-01     3.8923E+01     P31      3513

 BOND    =     1233.2262  ANGLE   =     1184.4225  DIHED      =     6028.1356
 VDWAALS =    -5217.6431  EEL     =   -33913.4900  HBOND      =        0.0000
 1-4 VDW =     1558.9693  1-4 EEL =   -17232.4313  RESTRAINT  =        0.0000


   NSTEP       ENERGY          RMS            GMAX         NAME    NUMBER
    400      -4.8126E+04     6.5621E-01     5.7411E+01     P31       615

 BOND    =     1374.0217  ANGLE   =     1161.0698  DIHED      =     5932.9008
 VDWAALS =    -4682.7492  EEL     =   -36214.8320  HBOND      =        0.0000
 1-4 VDW =     1541.9907  1-4 EEL =   -17238.8774  RESTRAINT  =        0.0000


   NSTEP       ENERGY          RMS            GMAX         NAME    NUMBER
    500      -4.9447E+04     5.5626E-01     4.3720E+01     P31       615

 BOND    =     1493.8437  ANGLE   =     1148.3893  DIHED      =     5864.9405
 VDWAALS =    -4182.6930  EEL     =   -38059.1625  HBOND      =        0.0000
 1-4 VDW =     1531.3510  1-4 EEL =   -17243.2985  RESTRAINT  =        0.0000


   NSTEP       ENERGY          RMS            GMAX         NAME    NUMBER
    600      -5.0435E+04     1.5243E+00     1.6257E+02     P31      3099

 BOND    =     1616.6086  ANGLE   =     1144.5105  DIHED      =     5815.5337
 VDWAALS =    -3765.5221  EEL     =   -39523.2195  HBOND      =        0.0000
 1-4 VDW =     1523.9148  1-4 EEL =   -17247.2482  RESTRAINT  =        0.0000


   NSTEP       ENERGY          RMS            GMAX         NAME    NUMBER
    700      -5.1276E+04     1.2973E+00     1.7951E+02     P31      3099

 BOND    =     1694.7214  ANGLE   =     1136.5514  DIHED      =     5777.1351
 VDWAALS =    -3407.9625  EEL     =   -40745.4027  HBOND      =        0.0000
 1-4 VDW =     1518.4189  1-4 EEL =   -17249.8627  RESTRAINT  =        0.0000


   NSTEP       ENERGY          RMS            GMAX         NAME    NUMBER
    800      -5.1982E+04     3.3679E-01     2.4827E+01     P31      3099

 BOND    =     1749.5551  ANGLE   =     1129.8867  DIHED      =     5746.2722
 VDWAALS =    -3108.9382  EEL     =   -41760.6006  HBOND      =        0.0000
 1-4 VDW =     1514.3146  1-4 EEL =   -17252.4568  RESTRAINT  =        0.0000


   NSTEP       ENERGY          RMS            GMAX         NAME    NUMBER
    900      -5.2554E+04     9.4900E-01     1.4185E+02     P31      3099

 BOND    =     1821.0030  ANGLE   =     1126.8925  DIHED      =     5720.5580
 VDWAALS =    -2851.0383  EEL     =   -42628.1447  HBOND      =        0.0000
 1-4 VDW =     1511.2003  1-4 EEL =   -17254.9146  RESTRAINT  =        0.0000


   NSTEP       ENERGY          RMS            GMAX         NAME    NUMBER
   1000      -5.3039E+04     8.3138E-01     1.2138E+02     P31      3099

 BOND    =     1872.3784  ANGLE   =     1124.3397  DIHED      =     5699.1604
 VDWAALS =    -2633.8921  EEL     =   -43351.5132  HBOND      =        0.0000
 1-4 VDW =     1508.6573  1-4 EEL =   -17257.7582  RESTRAINT  =        0.0000


   NSTEP       ENERGY          RMS            GMAX         NAME    NUMBER
   1100      -5.4944E+04     8.5291E-01     5.9084E+01     C2       3093

 BOND    =     2078.6514  ANGLE   =     1121.7660  DIHED      =     5611.0341
 VDWAALS =    -1869.2266  EEL     =   -46114.6662  HBOND      =        0.0000
 1-4 VDW =     1501.0925  1-4 EEL =   -17272.1804  RESTRAINT  =        0.0000


   NSTEP       ENERGY          RMS            GMAX         NAME    NUMBER
   1200      -5.5765E+04     5.4224E-01     3.5455E+01     P31      3099

 BOND    =     2165.7231  ANGLE   =     1113.2195  DIHED      =     5577.6688
 VDWAALS =    -1569.1702  EEL     =   -47274.1161  HBOND      =        0.0000
 1-4 VDW =     1497.8852  1-4 EEL =   -17275.8886  RESTRAINT  =        0.0000


   NSTEP       ENERGY          RMS            GMAX         NAME    NUMBER
   1300      -5.6442E+04     5.3186E-01     2.7732E+01     P31      3099

 BOND    =     2230.2982  ANGLE   =     1112.2060  DIHED      =     5550.6146
 VDWAALS =    -1314.3812  EEL     =   -48234.4300  HBOND      =        0.0000
 1-4 VDW =     1495.0760  1-4 EEL =   -17281.1476  RESTRAINT  =        0.0000


   NSTEP       ENERGY          RMS            GMAX         NAME    NUMBER
   1400      -5.7082E+04     3.6690E-01     1.6462E+01     H1      19052

 BOND    =     2303.3809  ANGLE   =     1107.8184  DIHED      =     5523.2775
 VDWAALS =    -1070.2178  EEL     =   -49152.5900  HBOND      =        0.0000
 1-4 VDW =     1492.0258  1-4 EEL =   -17285.7154  RESTRAINT  =        0.0000


   NSTEP       ENERGY          RMS            GMAX         NAME    NUMBER
   1500      -5.7556E+04     4.3421E-01     2.0448E+01     C31      3101

 BOND    =     2356.1408  ANGLE   =     1105.8400  DIHED      =     5504.4576
 VDWAALS =     -898.4582  EEL     =   -49825.9570  HBOND      =        0.0000
 1-4 VDW =     1490.3494  1-4 EEL =   -17288.1791  RESTRAINT  =        0.0000


   NSTEP       ENERGY          RMS            GMAX         NAME    NUMBER
   1600      -5.7967E+04     3.0822E-01     1.7374E+01     HX       3094

 BOND    =     2394.6078  ANGLE   =     1103.8007  DIHED      =     5487.2606
 VDWAALS =     -776.8279  EEL     =   -50373.1046  HBOND      =        0.0000
 1-4 VDW =     1488.4060  1-4 EEL =   -17291.1074  RESTRAINT  =        0.0000


   NSTEP       ENERGY          RMS            GMAX         NAME    NUMBER
   1700      -5.8303E+04     3.5080E-01     2.0757E+01     HX       3094

 BOND    =     2427.3326  ANGLE   =     1104.6822  DIHED      =     5475.2761
 VDWAALS =     -675.8230  EEL     =   -50828.4493  HBOND      =        0.0000
 1-4 VDW =     1486.9242  1-4 EEL =   -17293.1465  RESTRAINT  =        0.0000


   NSTEP       ENERGY          RMS            GMAX         NAME    NUMBER
   1800      -5.8654E+04     2.5037E-01     1.7673E+01     P31      3099

 BOND    =     2463.4080  ANGLE   =     1102.0401  DIHED      =     5462.9613
 VDWAALS =     -559.0483  EEL     =   -51315.2029  HBOND      =        0.0000
 1-4 VDW =     1486.1158  1-4 EEL =   -17293.9938  RESTRAINT  =        0.0000


   NSTEP       ENERGY          RMS            GMAX         NAME    NUMBER
   1900      -5.8885E+04     2.6551E-01     1.3753E+01     P31      3099

 BOND    =     2488.7385  ANGLE   =     1102.3080  DIHED      =     5454.2113
 VDWAALS =     -474.2230  EEL     =   -51648.2058  HBOND      =        0.0000
 1-4 VDW =     1485.6738  1-4 EEL =   -17293.7677  RESTRAINT  =        0.0000


   NSTEP       ENERGY          RMS            GMAX         NAME    NUMBER
   2000      -5.9073E+04     2.6427E-01     1.4884E+01     O31      3098

 BOND    =     2508.9183  ANGLE   =     1101.5878  DIHED      =     5447.3695
 VDWAALS =     -414.4509  EEL     =   -51908.4529  HBOND      =        0.0000
 1-4 VDW =     1486.1078  1-4 EEL =   -17294.2405  RESTRAINT  =        0.0000


  Maximum number of minimization cycles reached.


                    FINAL RESULTS



   NSTEP       ENERGY          RMS            GMAX         NAME    NUMBER
   2000      -5.9073E+04     2.6427E-01     1.4884E+01     O31      3098

 BOND    =     2508.9183  ANGLE   =     1101.5878  DIHED      =     5447.3695
 VDWAALS =     -414.4509  EEL     =   -51908.4529  HBOND      =        0.0000
 1-4 VDW =     1486.1078  1-4 EEL =   -17294.2405  RESTRAINT  =        0.0000

--------------------------------------------------------------------------------
   5.  TIMINGS
--------------------------------------------------------------------------------

|    Read coords time           0.03 ( 0.01% of Total)
|                Build the list             1.33 (91.76% of List )
|                Other                      0.12 ( 8.24% of List )
|             List time                  1.45 ( 0.73% of Nonbo)
|                   Short_ene time           139.28 (98.88% of Direc)
|                   Other                      1.58 ( 1.12% of Direc)
|                Direct Ewald time        140.86 (71.84% of Ewald)
|                Adjust Ewald time          4.89 ( 2.49% of Ewald)
|                   Fill Bspline coeffs        1.60 ( 3.31% of Recip)
|                   Fill charge grid           5.31 (10.99% of Recip)
|                   Scalar sum                11.32 (23.45% of Recip)
|                   Grad sum                   9.34 (19.36% of Recip)
|                   FFT time                  20.70 (42.88% of Recip)
|                   Other                      0.00 ( 0.01% of Recip)
|                Recip Ewald time          48.27 (24.62% of Ewald)
|                Virial junk                0.16 ( 0.08% of Ewald)
|                Other                      1.89 ( 0.96% of Ewald)
|             Ewald time               196.07 (99.26% of Nonbo)
|          Nonbond force            197.53 (92.18% of Force)
|          Bond/Angle/Dihedral       16.71 ( 7.80% of Force)
|          Other                      0.06 ( 0.03% of Force)
|       Force time               214.29 (100.0% of Runmd)
|    Runmd Time               214.29 (98.23% of Total)
|    Other                      3.83 ( 1.76% of Total)
| Total time               218.15 (100.0% of ALL  )

| Number of list builds   :         15

| Highest rstack allocated:    1825410
| Highest istack allocated:      26292
|           Job began  at 15:18:56.395  on 12/06/2023
|           Setup done at 15:18:56.706  on 12/06/2023
|           Run   done at 15:22:34.551  on 12/06/2023
|     wallclock() was called   76078 times

|3D-RISM memory allocation summary
|Type          Maximum        Current   
|Integer       0.00000 GB     0.00000 GB
|Real          0.00000 GB     0.00000 GB
|Logical       0.00000 GB     0.00000 GB
|Character     0.00000 GB     0.00000 GB
|---------------------------------------
|Total         0.00000 GB     0.00000 GB
