
          -------------------------------------------------------
          Amber 22 SANDER                              2022
          -------------------------------------------------------

| Run on 12/06/2023 at 17:38:00

|   Executable path: sander
| Working directory: /home/thomas/protocell-model/amber-dopc/scratch
|          Hostname: Unknown
  [-O]verwriting output

File Assignments:
|  MDIN: 03_prod.in                                                            
| MDOUT: 03_prod.out                                                           
|INPCRD: 02_heat.ncrst                                                         
|  PARM: dopc128x1_42w_lipid21.prmtop                                          
|RESTRT: 03_prod.ncrst                                                         
|  REFC: refc                                                                  
| MDVEL: mdvel                                                                 
| MDFRC: mdfrc                                                                 
|  MDEN: mden                                                                  
| MDCRD: 03_prod.nc                                                            
|MDINFO: 03_prod.info                                                          
|  MTMD: mtmd                                                                  
|INPDIP: inpdip                                                                
|RSTDIP: rstdip                                                                
|INPTRA: inptraj                                                               


 Here is the input file:

Production                                                                     
 &cntrl                                                                        
  imin=0,                                                                      
  ntx=5,                                                                       
  irest=1,                                                                     
  nstlim=5000000,                                                              
  dt=0.002,                                                                    
  ntf=2,                                                                       
  ntc=2,                                                                       
  temp0=300.0,                                                                 
  ntpr=100,                                                                    
  ntwx=100,                                                                    
  cut=8.0,                                                                     
  ntb=2,                                                                       
  ntp=1,                                                                       
  ntt=3,                                                                       
  barostat=1,                                                                  
  gamma_ln=2.0,                                                                
  ig=-1,                                                                       
 /                                                                             

--------------------------------------------------------------------------------
   1.  RESOURCE   USE: 
--------------------------------------------------------------------------------

| Flags:                                                                        
 getting box info from netcdf restart file
| NetCDF restart box info found
|Largest sphere to fit in unit cell has radius =    34.467
| New format PARM file being parsed.
| Version =    1.000 Date = 12/06/23 Time = 14:41:26
 NATOM  =   26292 NTYPES =      12 NBONH =   19380 MBONA  =    6784
 NTHETH =   25728 MTHETA =    7808 NPHIH =   44032 MPHIA  =   27008
 NHPARM =       0 NPARM  =       0 NNB   =  109552 NRES   =    3260
 NBONA  =    6784 NTHETA =    7808 NPHIA =   27008 NUMBND =      18
 NUMANG =      30 NPTRA  =      48 NATYP =      16 NPHB   =       0
 IFBOX  =       1 NMXRS  =      50 IFCAP =       0 NEXTRA =       0
 NCOPY  =       0


|     Memory Use     Allocated
|     Real             2322401
|     Hollerith          82138
|     Integer          4098213
|     Max Pairs        8764000
|     nblistReal        315504
|     nblist Int       1994673
|       Total            78964 kbytes

| Note: 1-4 EEL scale factors are being read from the topology file.

| Note: 1-4 VDW scale factors are being read from the topology file.
| Duplicated    0 dihedrals
| Duplicated    0 dihedrals

     BOX TYPE: RECTILINEAR
Note: ig = -1. Setting random seed to   264600 based on wallclock time in microseconds.

--------------------------------------------------------------------------------
   2.  CONTROL  DATA  FOR  THE  RUN
--------------------------------------------------------------------------------

default_name                                                                    

General flags:
     imin    =       0, nmropt  =       0

Nature and format of input:
     ntx     =       5, irest   =       1, ntrx    =       1

Nature and format of output:
     ntxo    =       2, ntpr    =     100, ntrx    =       1, ntwr    = 5000000
     iwrap   =       0, ntwx    =     100, ntwv    =       0, ntwe    =       0
     ioutfm  =       1, ntwprt  =       0, idecomp =       0, rbornstat=      0

Potential function:
     ntf     =       2, ntb     =       2, igb     =       0, nsnb    =      25
     ipol    =       0, gbsa    =       0, iesp    =       0
     dielc   =   1.00000, cut     =   8.00000, intdiel =   1.00000

Frozen or restrained atoms:
     ibelly  =       0, ntr     =       0

Molecular dynamics:
     nstlim  =   5000000, nscm    =      1000, nrespa  =         1
     t       =   0.00000, dt      =   0.00200, vlimit  =  20.00000

Langevin dynamics temperature regulation:
     ig      =  264600
     temp0   = 300.00000, tempi   =   0.00000, gamma_ln=   2.00000

Pressure regulation:
     ntp     =       1
     pres0   =   1.00000, comp    =  44.60000, taup    =   1.00000

SHAKE:
     ntc     =       2, jfastw  =       0
     tol     =   0.00001

Ewald parameters:
     verbose =       0, ew_type =       0, nbflag  =       1, use_pme =       1
     vdwmeth =       1, eedmeth =       1, netfrc  =       1
     Box X =   68.934   Box Y =   69.006   Box Z =   98.030
     Alpha =   90.000   Beta  =   90.000   Gamma =   90.000
     NFFT1 =   72       NFFT2 =   72       NFFT3 =  100
     Cutoff=    8.000   Tol   =0.100E-04
     Ewald Coefficient =  0.34864
     Interpolation order =    4
|  INFO: Old style inpcrd file read


--------------------------------------------------------------------------------
   3.  ATOMIC COORDINATES AND VELOCITIES
--------------------------------------------------------------------------------

default_name                                                                    
 begin time read from input coords =    20.000 ps

 Number of triangulated 3-point waters found:     2876

     Sum of charges from parm topology file =   0.00000144
     Forcing neutrality...

--------------------------------------------------------------------------------
   4.  RESULTS
--------------------------------------------------------------------------------

|  # of SOLUTE  degrees of freedom (RNDFP):   59496.
|  # of SOLVENT degrees of freedom (RNDFS):       0.
|  NDFMIN =   59496.     NUM_NOSHAKE =      0     CORRECTED RNDFP =   59496.
|  TOTAL # of degrees of freedom (RNDF) =   59496.
 ---------------------------------------------------
 APPROXIMATING switch and d/dx switch using CUBIC SPLINE INTERPOLATION
 using   5000.0 points per unit in tabled values
 TESTING RELATIVE ERROR over r ranging from 0.0 to cutoff
| CHECK switch(x): max rel err =   0.2738E-14   at   2.422500
| CHECK d/dx switch(x): max rel err =   0.8332E-11   at   2.782960
 ---------------------------------------------------
| Local SIZE OF NONBOND LIST =    4325735
| TOTAL SIZE OF NONBOND LIST =    4325735

 NSTEP =      100   TIME(PS) =      20.200  TEMP(K) =   298.96  PRESS =  -337.7
 Etot   =    -26139.9513  EKtot   =     17672.7265  EPtot      =    -43812.6778
 BOND   =      2311.5996  ANGLE   =      9112.8547  DIHED      =      6745.8375
 1-4 NB =      1852.2399  1-4 EEL =    -17403.7024  VDWAALS    =     -2825.4039
 EELEC  =    -43606.1031  EHBOND  =         0.0000  RESTRAINT  =         0.0000
 EKCMT  =      2719.7420  VIRIAL  =      6108.6592  VOLUME     =    464830.5380
                                                    Density    =         0.5446
 Ewald error estimate:   0.9006E-04
 ------------------------------------------------------------------------------


 NSTEP =      200   TIME(PS) =      20.400  TEMP(K) =   299.47  PRESS =  -398.7
 Etot   =    -26171.1047  EKtot   =     17703.4119  EPtot      =    -43874.5166
 BOND   =      2185.4920  ANGLE   =      9032.0459  DIHED      =      6776.6095
 1-4 NB =      1876.1437  1-4 EEL =    -17355.7412  VDWAALS    =     -2735.3758
 EELEC  =    -43653.6907  EHBOND  =         0.0000  RESTRAINT  =         0.0000
 EKCMT  =      2640.3560  VIRIAL  =      6628.7454  VOLUME     =    463348.7916
                                                    Density    =         0.5463
 Ewald error estimate:   0.2177E-04
 ------------------------------------------------------------------------------


 NSTEP =      300   TIME(PS) =      20.600  TEMP(K) =   300.35  PRESS =  -144.7
 Etot   =    -26150.8648  EKtot   =     17755.2948  EPtot      =    -43906.1596
 BOND   =      2238.3959  ANGLE   =      8965.0394  DIHED      =      6798.3795
 1-4 NB =      1918.2732  1-4 EEL =    -17389.5777  VDWAALS    =     -2734.0674
 EELEC  =    -43702.6024  EHBOND  =         0.0000  RESTRAINT  =         0.0000
 EKCMT  =      2709.2286  VIRIAL  =      4152.5808  VOLUME     =    461957.0142
                                                    Density    =         0.5479
 Ewald error estimate:   0.1975E-04
 ------------------------------------------------------------------------------


 NSTEP =      400   TIME(PS) =      20.800  TEMP(K) =   300.64  PRESS =  -336.4
 Etot   =    -26066.2190  EKtot   =     17772.2742  EPtot      =    -43838.4932
 BOND   =      2209.7109  ANGLE   =      9126.8092  DIHED      =      6847.1528
 1-4 NB =      1927.7086  1-4 EEL =    -17444.7083  VDWAALS    =     -2687.4973
 EELEC  =    -43817.6691  EHBOND  =         0.0000  RESTRAINT  =         0.0000
 EKCMT  =      2752.5644  VIRIAL  =      6099.9734  VOLUME     =    460864.3967
                                                    Density    =         0.5492
 Ewald error estimate:   0.7925E-04
 ------------------------------------------------------------------------------


 NSTEP =      500   TIME(PS) =      21.000  TEMP(K) =   302.02  PRESS =  -377.8
 Etot   =    -25824.0018  EKtot   =     17853.7126  EPtot      =    -43677.7145
 BOND   =      2293.8190  ANGLE   =      9109.1510  DIHED      =      6825.9454
 1-4 NB =      1878.3294  1-4 EEL =    -17367.0695  VDWAALS    =     -2673.6170
 EELEC  =    -43744.2725  EHBOND  =         0.0000  RESTRAINT  =         0.0000
 EKCMT  =      2723.4709  VIRIAL  =      6471.0447  VOLUME     =    459478.4859
                                                    Density    =         0.5509
 Ewald error estimate:   0.1317E-03
 ------------------------------------------------------------------------------


 NSTEP =      600   TIME(PS) =      21.200  TEMP(K) =   301.41  PRESS =  -349.8
 Etot   =    -26082.1663  EKtot   =     17818.0300  EPtot      =    -43900.1963
 BOND   =      2300.4729  ANGLE   =      9020.6037  DIHED      =      6828.2703
 1-4 NB =      1883.9168  1-4 EEL =    -17357.8520  VDWAALS    =     -2725.6295
 EELEC  =    -43849.9785  EHBOND  =         0.0000  RESTRAINT  =         0.0000
 EKCMT  =      2720.7822  VIRIAL  =      6181.0325  VOLUME     =    458187.8008
                                                    Density    =         0.5525
 Ewald error estimate:   0.2888E-04
 ------------------------------------------------------------------------------


 NSTEP =      700   TIME(PS) =      21.400  TEMP(K) =   301.33  PRESS =  -432.5
 Etot   =    -26051.8817  EKtot   =     17812.8800  EPtot      =    -43864.7618
 BOND   =      2233.9834  ANGLE   =      9150.4705  DIHED      =      6759.5279
 1-4 NB =      1867.4558  1-4 EEL =    -17322.9089  VDWAALS    =     -2930.2119
 EELEC  =    -43623.0785  EHBOND  =         0.0000  RESTRAINT  =         0.0000
 EKCMT  =      2708.6525  VIRIAL  =      6972.9280  VOLUME     =    456685.7021
                                                    Density    =         0.5543
 Ewald error estimate:   0.3347E-04
 ------------------------------------------------------------------------------


 NSTEP =      800   TIME(PS) =      21.600  TEMP(K) =   301.73  PRESS =  -364.7
 Etot   =    -26226.2630  EKtot   =     17836.9133  EPtot      =    -44063.1764
 BOND   =      2232.0686  ANGLE   =      9075.0691  DIHED      =      6773.7256
 1-4 NB =      1867.1943  1-4 EEL =    -17473.8367  VDWAALS    =     -2833.8505
 EELEC  =    -43703.5467  EHBOND  =         0.0000  RESTRAINT  =         0.0000
 EKCMT  =      2733.9900  VIRIAL  =      6318.2952  VOLUME     =    455209.9907
                                                    Density    =         0.5561
 Ewald error estimate:   0.1145E-03
 ------------------------------------------------------------------------------


 NSTEP =      900   TIME(PS) =      21.800  TEMP(K) =   303.41  PRESS =  -372.2
 Etot   =    -26196.8429  EKtot   =     17935.9729  EPtot      =    -44132.8158
 BOND   =      2269.5019  ANGLE   =      8973.8247  DIHED      =      6754.7603
 1-4 NB =      1876.0572  1-4 EEL =    -17397.4596  VDWAALS    =     -2984.0205
 EELEC  =    -43625.4798  EHBOND  =         0.0000  RESTRAINT  =         0.0000
 EKCMT  =      2680.3621  VIRIAL  =      6325.6298  VOLUME     =    453583.0688
                                                    Density    =         0.5581
 Ewald error estimate:   0.5840E-04
 ------------------------------------------------------------------------------


 NSTEP =     1000   TIME(PS) =      22.000  TEMP(K) =   301.00  PRESS =  -364.4
 Etot   =    -26291.7412  EKtot   =     17793.5612  EPtot      =    -44085.3024
 BOND   =      2237.2432  ANGLE   =      9192.4009  DIHED      =      6751.8760
 1-4 NB =      1883.5461  1-4 EEL =    -17428.9553  VDWAALS    =     -2744.6734
 EELEC  =    -43976.7399  EHBOND  =         0.0000  RESTRAINT  =         0.0000
 EKCMT  =      2776.8428  VIRIAL  =      6333.6742  VOLUME     =    452051.7508
                                                    Density    =         0.5600
 Ewald error estimate:   0.6339E-04
 ------------------------------------------------------------------------------


 NSTEP =     1100   TIME(PS) =      22.200  TEMP(K) =   299.11  PRESS =  -343.3
 Etot   =    -26531.6083  EKtot   =     17681.9877  EPtot      =    -44213.5961
 BOND   =      2176.1792  ANGLE   =      9117.2530  DIHED      =      6741.8872
 1-4 NB =      1872.4637  1-4 EEL =    -17372.2511  VDWAALS    =     -2682.8512
 EELEC  =    -44066.2768  EHBOND  =         0.0000  RESTRAINT  =         0.0000
 EKCMT  =      2722.1987  VIRIAL  =      6064.0211  VOLUME     =    450859.9003
                                                    Density    =         0.5614
 Ewald error estimate:   0.5779E-04
 ------------------------------------------------------------------------------


 NSTEP =     1200   TIME(PS) =      22.400  TEMP(K) =   298.47  PRESS =  -436.8
 Etot   =    -26721.7571  EKtot   =     17643.7584  EPtot      =    -44365.5155
 BOND   =      2267.2194  ANGLE   =      9025.6489  DIHED      =      6767.2353
 1-4 NB =      1892.5833  1-4 EEL =    -17363.4021  VDWAALS    =     -2809.4166
 EELEC  =    -44145.3838  EHBOND  =         0.0000  RESTRAINT  =         0.0000
 EKCMT  =      2740.7587  VIRIAL  =      6982.1109  VOLUME     =    449733.1115
                                                    Density    =         0.5628
 Ewald error estimate:   0.3830E-04
 ------------------------------------------------------------------------------


 NSTEP =     1300   TIME(PS) =      22.600  TEMP(K) =   301.08  PRESS =  -182.3
 Etot   =    -26733.4812  EKtot   =     17798.2435  EPtot      =    -44531.7247
 BOND   =      2200.3010  ANGLE   =      9015.5343  DIHED      =      6720.2846
 1-4 NB =      1875.3845  1-4 EEL =    -17408.4551  VDWAALS    =     -2618.7852
 EELEC  =    -44315.9889  EHBOND  =         0.0000  RESTRAINT  =         0.0000
 EKCMT  =      2685.0022  VIRIAL  =      4450.2236  VOLUME     =    448461.3392
                                                    Density    =         0.5644
 Ewald error estimate:   0.8760E-04
 ------------------------------------------------------------------------------


 NSTEP =     1400   TIME(PS) =      22.800  TEMP(K) =   300.56  PRESS =   -57.2
 Etot   =    -26646.7047  EKtot   =     17767.5014  EPtot      =    -44414.2061
 BOND   =      2208.4962  ANGLE   =      9065.0923  DIHED      =      6761.0614
 1-4 NB =      1866.3652  1-4 EEL =    -17458.4735  VDWAALS    =     -2492.6383
 EELEC  =    -44364.1095  EHBOND  =         0.0000  RESTRAINT  =         0.0000
 EKCMT  =      2678.8133  VIRIAL  =      3231.9613  VOLUME     =    447504.9119
                                                    Density    =         0.5656
 Ewald error estimate:   0.1253E-03
 ------------------------------------------------------------------------------


 NSTEP =     1500   TIME(PS) =      23.000  TEMP(K) =   302.09  PRESS =  -404.5
 Etot   =    -26646.3687  EKtot   =     17857.9366  EPtot      =    -44504.3053
 BOND   =      2203.8764  ANGLE   =      9044.2547  DIHED      =      6732.9606
 1-4 NB =      1867.1291  1-4 EEL =    -17368.5151  VDWAALS    =     -2810.5188
 EELEC  =    -44173.4922  EHBOND  =         0.0000  RESTRAINT  =         0.0000
 EKCMT  =      2749.6281  VIRIAL  =      6646.2444  VOLUME     =    446181.1177
                                                    Density    =         0.5673
 Ewald error estimate:   0.7923E-04
 ------------------------------------------------------------------------------


 NSTEP =     1600   TIME(PS) =      23.200  TEMP(K) =   301.82  PRESS =  -433.7
 Etot   =    -26805.8590  EKtot   =     17841.8631  EPtot      =    -44647.7222
 BOND   =      2158.8860  ANGLE   =      9009.2147  DIHED      =      6741.9358
 1-4 NB =      1879.4032  1-4 EEL =    -17381.1844  VDWAALS    =     -2853.5231
 EELEC  =    -44202.4543  EHBOND  =         0.0000  RESTRAINT  =         0.0000
 EKCMT  =      2741.4068  VIRIAL  =      6908.1165  VOLUME     =    444945.2608
                                                    Density    =         0.5689
 Ewald error estimate:   0.1800E-04
 ------------------------------------------------------------------------------


 NSTEP =     1700   TIME(PS) =      23.400  TEMP(K) =   300.79  PRESS =  -156.3
 Etot   =    -26745.8101  EKtot   =     17781.0547  EPtot      =    -44526.8647
 BOND   =      2179.9897  ANGLE   =      9044.2492  DIHED      =      6788.4401
 1-4 NB =      1876.4110  1-4 EEL =    -17427.9478  VDWAALS    =     -2728.1484
 EELEC  =    -44259.8585  EHBOND  =         0.0000  RESTRAINT  =         0.0000
 EKCMT  =      2714.5411  VIRIAL  =      4212.6541  VOLUME     =    443828.5898
                                                    Density    =         0.5703
 Ewald error estimate:   0.7911E-04
 ------------------------------------------------------------------------------


 NSTEP =     1800   TIME(PS) =      23.600  TEMP(K) =   298.93  PRESS =  -193.0
 Etot   =    -26814.7950  EKtot   =     17671.3633  EPtot      =    -44486.1584
 BOND   =      2239.3435  ANGLE   =      9065.2689  DIHED      =      6781.3759
 1-4 NB =      1867.3781  1-4 EEL =    -17364.6472  VDWAALS    =     -2691.0153
 EELEC  =    -44383.8622  EHBOND  =         0.0000  RESTRAINT  =         0.0000
 EKCMT  =      2701.2812  VIRIAL  =      4546.2187  VOLUME     =    442676.7446
                                                    Density    =         0.5718
 Ewald error estimate:   0.8998E-06
 ------------------------------------------------------------------------------


 NSTEP =     1900   TIME(PS) =      23.800  TEMP(K) =   297.96  PRESS =  -300.3
 Etot   =    -26793.4408  EKtot   =     17614.0212  EPtot      =    -44407.4620
 BOND   =      2174.4667  ANGLE   =      9008.5018  DIHED      =      6765.5311
 1-4 NB =      1893.3191  1-4 EEL =    -17372.4836  VDWAALS    =     -2751.2510
 EELEC  =    -44125.5461  EHBOND  =         0.0000  RESTRAINT  =         0.0000
 EKCMT  =      2684.0139  VIRIAL  =      5546.9744  VOLUME     =    441529.2258
                                                    Density    =         0.5733
 Ewald error estimate:   0.1029E-03
 ------------------------------------------------------------------------------


 NSTEP =     2000   TIME(PS) =      24.000  TEMP(K) =   300.37  PRESS =  -130.7
 Etot   =    -26777.6509  EKtot   =     17756.5373  EPtot      =    -44534.1881
 BOND   =      2306.7496  ANGLE   =      8904.4592  DIHED      =      6750.2207
 1-4 NB =      1875.1729  1-4 EEL =    -17371.5455  VDWAALS    =     -2705.9441
 EELEC  =    -44293.3009  EHBOND  =         0.0000  RESTRAINT  =         0.0000
 EKCMT  =      2720.3919  VIRIAL  =      3963.5279  VOLUME     =    440428.3347
                                                    Density    =         0.5747
 Ewald error estimate:   0.9810E-04
 ------------------------------------------------------------------------------


 NSTEP =     2100   TIME(PS) =      24.200  TEMP(K) =   301.03  PRESS =  -296.4
 Etot   =    -26698.7624  EKtot   =     17795.1717  EPtot      =    -44493.9341
 BOND   =      2185.8366  ANGLE   =      9036.1870  DIHED      =      6865.7835
 1-4 NB =      1877.7439  1-4 EEL =    -17406.8090  VDWAALS    =     -2913.3708
 EELEC  =    -44139.3053  EHBOND  =         0.0000  RESTRAINT  =         0.0000
 EKCMT  =      2707.6034  VIRIAL  =      5520.2750  VOLUME     =    439481.4625
                                                    Density    =         0.5760
 Ewald error estimate:   0.2770E-04
 ------------------------------------------------------------------------------


 NSTEP =     2200   TIME(PS) =      24.400  TEMP(K) =   302.19  PRESS =  -189.6
 Etot   =    -26749.8849  EKtot   =     17864.0035  EPtot      =    -44613.8884
 BOND   =      2210.5547  ANGLE   =      9101.0513  DIHED      =      6770.6514
 1-4 NB =      1870.6161  1-4 EEL =    -17381.7990  VDWAALS    =     -2834.0558
 EELEC  =    -44350.9070  EHBOND  =         0.0000  RESTRAINT  =         0.0000
 EKCMT  =      2723.2179  VIRIAL  =      4518.2426  VOLUME     =    438548.5849
                                                    Density    =         0.5772
 Ewald error estimate:   0.8384E-04
 ------------------------------------------------------------------------------


 NSTEP =     2300   TIME(PS) =      24.600  TEMP(K) =   299.46  PRESS =  -153.6
 Etot   =    -26722.9841  EKtot   =     17702.8422  EPtot      =    -44425.8262
 BOND   =      2215.6009  ANGLE   =      9127.3846  DIHED      =      6787.4151
 1-4 NB =      1906.8194  1-4 EEL =    -17393.5714  VDWAALS    =     -2880.0792
 EELEC  =    -44189.3956  EHBOND  =         0.0000  RESTRAINT  =         0.0000
 EKCMT  =      2718.7388  VIRIAL  =      4169.5630  VOLUME     =    437496.8190
                                                    Density    =         0.5786
 Ewald error estimate:   0.7984E-04
 ------------------------------------------------------------------------------


 NSTEP =     2400   TIME(PS) =      24.800  TEMP(K) =   302.48  PRESS =  -310.3
 Etot   =    -26933.6853  EKtot   =     17881.1182  EPtot      =    -44814.8035
 BOND   =      2199.5087  ANGLE   =      8898.5577  DIHED      =      6778.2509
 1-4 NB =      1860.5162  1-4 EEL =    -17410.0344  VDWAALS    =     -2963.7030
 EELEC  =    -44177.8996  EHBOND  =         0.0000  RESTRAINT  =         0.0000
 EKCMT  =      2694.3845  VIRIAL  =      5618.8075  VOLUME     =    436538.5794
                                                    Density    =         0.5798
 Ewald error estimate:   0.5294E-04
 ------------------------------------------------------------------------------


 NSTEP =     2500   TIME(PS) =      25.000  TEMP(K) =   297.73  PRESS =  -361.9
 Etot   =    -27063.3783  EKtot   =     17600.1462  EPtot      =    -44663.5245
 BOND   =      2201.6487  ANGLE   =      9049.6811  DIHED      =      6789.5116
 1-4 NB =      1887.7945  1-4 EEL =    -17377.2725  VDWAALS    =     -3002.0207
 EELEC  =    -44212.8671  EHBOND  =         0.0000  RESTRAINT  =         0.0000
 EKCMT  =      2702.7286  VIRIAL  =      6106.3256  VOLUME     =    435564.1878
                                                    Density    =         0.5811
 Ewald error estimate:   0.1975E-04
 ------------------------------------------------------------------------------


 NSTEP =     2600   TIME(PS) =      25.200  TEMP(K) =   300.52  PRESS =  -332.1
 Etot   =    -27036.7044  EKtot   =     17765.2540  EPtot      =    -44801.9585
 BOND   =      2189.7286  ANGLE   =      9037.9607  DIHED      =      6744.5513
 1-4 NB =      1868.9768  1-4 EEL =    -17389.6091  VDWAALS    =     -2995.0239
 EELEC  =    -44258.5429  EHBOND  =         0.0000  RESTRAINT  =         0.0000
 EKCMT  =      2731.5293  VIRIAL  =      5845.1742  VOLUME     =    434252.7293
                                                    Density    =         0.5829
 Ewald error estimate:   0.5519E-04
 ------------------------------------------------------------------------------


 NSTEP =     2700   TIME(PS) =      25.400  TEMP(K) =   301.30  PRESS =   -84.2
 Etot   =    -26939.0517  EKtot   =     17811.3811  EPtot      =    -44750.4328
 BOND   =      2229.1261  ANGLE   =      8977.7754  DIHED      =      6778.7922
 1-4 NB =      1893.1620  1-4 EEL =    -17360.6059  VDWAALS    =     -2800.7443
 EELEC  =    -44467.9382  EHBOND  =         0.0000  RESTRAINT  =         0.0000
 EKCMT  =      2727.5162  VIRIAL  =      3514.9289  VOLUME     =    433288.1382
                                                    Density    =         0.5842
 Ewald error estimate:   0.3860E-04
 ------------------------------------------------------------------------------


 NSTEP =     2800   TIME(PS) =      25.600  TEMP(K) =   299.77  PRESS =  -319.9
 Etot   =    -27047.9510  EKtot   =     17721.0094  EPtot      =    -44768.9604
 BOND   =      2200.8366  ANGLE   =      9078.3469  DIHED      =      6800.1025
 1-4 NB =      1871.7932  1-4 EEL =    -17354.6091  VDWAALS    =     -2948.4172
 EELEC  =    -44417.0134  EHBOND  =         0.0000  RESTRAINT  =         0.0000
 EKCMT  =      2687.0767  VIRIAL  =      5671.7042  VOLUME     =    432126.4424
                                                    Density    =         0.5858
 Ewald error estimate:   0.1621E-03
 ------------------------------------------------------------------------------

